nohup: ignoring input
/home/SR/lib/python3.9/site-packages/torch/distributed/launch.py:181: FutureWarning: The module torch.distributed.launch is deprecated
and will be removed in future. Use torchrun.
Note that --use-env is set by default in torchrun.
If your script expects `--local-rank` argument to be set, please
change it to read from `os.environ['LOCAL_RANK']` instead. See 
https://pytorch.org/docs/stable/distributed.html#launch-utility for 
further instructions

  warnings.warn(
init dist ..  pytorch
Path already exists. Rename it to /home/SR/src/MambaIR/realDenoising/experiments/MambaIR_RealDN_archived_20240718_151134
Path already exists. Rename it to tb_logger/MambaIR_RealDN_archived_20240718_151134
2024-07-18 15:11:34,401 INFO: 
                ____                _       _____  ____
               / __ ) ____ _ _____ (_)_____/ ___/ / __ \
              / __  |/ __ `// ___// // ___/\__ \ / /_/ /
             / /_/ // /_/ /(__  )/ // /__ ___/ // _, _/
            /_____/ \__,_//____//_/ \___//____//_/ |_|
     ______                   __   __                 __      __
    / ____/____   ____   ____/ /  / /   __  __ _____ / /__   / /
   / / __ / __ \ / __ \ / __  /  / /   / / / // ___// //_/  / /
  / /_/ // /_/ // /_/ // /_/ /  / /___/ /_/ // /__ / /<    /_/
  \____/ \____/ \____/ \____/  /_____/\____/ \___//_/|_|  (_)
    
Version Information: 
	BasicSR: 1.2.0+10018c6
	PyTorch: 2.1.0+cu121
	TorchVision: 0.16.0+cu121
2024-07-18 15:11:34,401 INFO: 
  name: MambaIR_RealDN
  model_type: ImageCleanModel
  scale: 1
  num_gpu: 1
  manual_seed: 100
  datasets:[
    train:[
      name: train_dataset
      type: Dataset_PairedImage
      dataroot_gt: /home/SR/src/MambaIR/datasets/images/train/HR
      dataroot_lq: /home/fusion_images/train
      geometric_augs: True
      filename_tmpl: {}
      io_backend:[
        type: disk
      ]
      use_shuffle: True
      num_worker_per_gpu: 1
      batch_size_per_gpu: 1
      mini_batch_sizes: [8]
      iters: [36000]
      gt_size: 256
      gt_sizes: [256]
      dataset_enlarge_ratio: 1
      prefetch_mode: None
      phase: train
      scale: 1
    ]
    val:[
      name: val_dataset
      type: Dataset_PairedImage
      dataroot_gt: /home/SR/src/MambaIR/datasets/images/val/HR
      dataroot_lq: /home/fusion_images/val
      io_backend:[
        type: disk
      ]
      phase: val
      scale: 1
    ]
  ]
  network_g:[
    type: MambaIRUNet
    inp_channels: 3
    out_channels: 3
    dim: 48
    num_blocks: [4, 6, 6, 8]
    num_refinement_blocks: 4
    mlp_ratio: 2
    bias: False
    dual_pixel_task: False
  ]
  path:[
    pretrain_network_g: None
    strict_load_g: True
    resume_state: None
    root: /home/SR/src/MambaIR/realDenoising
    experiments_root: /home/SR/src/MambaIR/realDenoising/experiments/MambaIR_RealDN
    models: /home/SR/src/MambaIR/realDenoising/experiments/MambaIR_RealDN/models
    training_states: /home/SR/src/MambaIR/realDenoising/experiments/MambaIR_RealDN/training_states
    log: /home/SR/src/MambaIR/realDenoising/experiments/MambaIR_RealDN
    visualization: /home/SR/src/MambaIR/realDenoising/experiments/MambaIR_RealDN/visualization
  ]
  train:[
    total_iter: 300000
    warmup_iter: -1
    use_grad_clip: True
    scheduler:[
      type: CosineAnnealingRestartCyclicLR
      periods: [92000, 208000]
      restart_weights: [1, 1]
      eta_mins: [0.0003, 1e-06]
    ]
    mixing_augs:[
      mixup: True
      mixup_beta: 1.2
      use_identity: True
    ]
    optim_g:[
      type: AdamW
      lr: 0.0003
      weight_decay: 0.0001
      betas: [0.9, 0.999]
    ]
    pixel_opt:[
      type: L1Loss
      loss_weight: 1
      reduction: mean
    ]
  ]
  val:[
    window_size: 8
    val_freq: 4000.0
    save_img: False
    rgb2bgr: True
    use_image: False
    max_minibatch: 8
    metrics:[
      psnr:[
        type: calculate_psnr
        crop_border: 0
        test_y_channel: False
      ]
    ]
  ]
  logger:[
    print_freq: 1000
    save_checkpoint_freq: 4000.0
    use_tb_logger: True
    wandb:[
      project: None
      resume_id: None
    ]
  ]
  dist_params:[
    backend: nccl
    port: 29500
  ]
  is_train: True
  dist: True
  rank: 0
  world_size: 1

2024-07-18 15:11:34,491 INFO: Dataset Dataset_PairedImage - train_dataset is created.
2024-07-18 15:11:34,491 INFO: Training statistics:
	Number of train images: 343
	Dataset enlarge ratio: 1
	Batch size per gpu: 1
	World size (gpu number): 1
	Require iter number per epoch: 343
	Total epochs: 875; iters: 300000.
2024-07-18 15:11:34,494 INFO: Dataset Dataset_PairedImage - val_dataset is created.
2024-07-18 15:11:34,494 INFO: Number of val images/folders in val_dataset: 73
2024-07-18 15:11:36,637 INFO: Network: DistributedDataParallel - MambaIRUNet, with parameters: 31,506,136
2024-07-18 15:11:36,638 INFO: MambaIRUNet(
  (patch_embed): OverlapPatchEmbed(
    (proj): Conv2d(3, 48, kernel_size=(3, 3), stride=(1, 1), padding=(1, 1), bias=False)
  )
  (encoder_level1): ModuleList(
    (0-3): 4 x VSSBlock(
      (ln_1): LayerNorm((48,), eps=1e-05, elementwise_affine=True)
      (self_attention): SS2D(
        (in_proj): Linear(in_features=48, out_features=192, bias=False)
        (conv2d): Conv2d(96, 96, kernel_size=(3, 3), stride=(1, 1), padding=(1, 1), groups=96)
        (act): SiLU()
        (out_norm): LayerNorm((96,), eps=1e-05, elementwise_affine=True)
        (out_proj): Linear(in_features=96, out_features=48, bias=False)
      )
      (drop_path): DropPath(drop_prob=0.000)
      (conv_blk): CAB(
        (cab): Sequential(
          (0): Conv2d(48, 16, kernel_size=(3, 3), stride=(1, 1), padding=(1, 1))
          (1): GELU(approximate='none')
          (2): Conv2d(16, 48, kernel_size=(3, 3), stride=(1, 1), padding=(1, 1))
          (3): ChannelAttention(
            (attention): Sequential(
              (0): AdaptiveAvgPool2d(output_size=1)
              (1): Conv2d(48, 1, kernel_size=(1, 1), stride=(1, 1))
              (2): ReLU(inplace=True)
              (3): Conv2d(1, 48, kernel_size=(1, 1), stride=(1, 1))
              (4): Sigmoid()
            )
          )
        )
      )
      (ln_2): LayerNorm((48,), eps=1e-05, elementwise_affine=True)
    )
  )
  (down1_2): Downsample(
    (body): Sequential(
      (0): Conv2d(48, 24, kernel_size=(3, 3), stride=(1, 1), padding=(1, 1), bias=False)
      (1): PixelUnshuffle(downscale_factor=2)
    )
  )
  (encoder_level2): ModuleList(
    (0-5): 6 x VSSBlock(
      (ln_1): LayerNorm((96,), eps=1e-05, elementwise_affine=True)
      (self_attention): SS2D(
        (in_proj): Linear(in_features=96, out_features=384, bias=False)
        (conv2d): Conv2d(192, 192, kernel_size=(3, 3), stride=(1, 1), padding=(1, 1), groups=192)
        (act): SiLU()
        (out_norm): LayerNorm((192,), eps=1e-05, elementwise_affine=True)
        (out_proj): Linear(in_features=192, out_features=96, bias=False)
      )
      (drop_path): DropPath(drop_prob=0.000)
      (conv_blk): CAB(
        (cab): Sequential(
          (0): Conv2d(96, 32, kernel_size=(3, 3), stride=(1, 1), padding=(1, 1))
          (1): GELU(approximate='none')
          (2): Conv2d(32, 96, kernel_size=(3, 3), stride=(1, 1), padding=(1, 1))
          (3): ChannelAttention(
            (attention): Sequential(
              (0): AdaptiveAvgPool2d(output_size=1)
              (1): Conv2d(96, 3, kernel_size=(1, 1), stride=(1, 1))
              (2): ReLU(inplace=True)
              (3): Conv2d(3, 96, kernel_size=(1, 1), stride=(1, 1))
              (4): Sigmoid()
            )
          )
        )
      )
      (ln_2): LayerNorm((96,), eps=1e-05, elementwise_affine=True)
    )
  )
  (down2_3): Downsample(
    (body): Sequential(
      (0): Conv2d(96, 48, kernel_size=(3, 3), stride=(1, 1), padding=(1, 1), bias=False)
      (1): PixelUnshuffle(downscale_factor=2)
    )
  )
  (encoder_level3): ModuleList(
    (0-5): 6 x VSSBlock(
      (ln_1): LayerNorm((192,), eps=1e-05, elementwise_affine=True)
      (self_attention): SS2D(
        (in_proj): Linear(in_features=192, out_features=768, bias=False)
        (conv2d): Conv2d(384, 384, kernel_size=(3, 3), stride=(1, 1), padding=(1, 1), groups=384)
        (act): SiLU()
        (out_norm): LayerNorm((384,), eps=1e-05, elementwise_affine=True)
        (out_proj): Linear(in_features=384, out_features=192, bias=False)
      )
      (drop_path): DropPath(drop_prob=0.000)
      (conv_blk): CAB(
        (cab): Sequential(
          (0): Conv2d(192, 64, kernel_size=(3, 3), stride=(1, 1), padding=(1, 1))
          (1): GELU(approximate='none')
          (2): Conv2d(64, 192, kernel_size=(3, 3), stride=(1, 1), padding=(1, 1))
          (3): ChannelAttention(
            (attention): Sequential(
              (0): AdaptiveAvgPool2d(output_size=1)
              (1): Conv2d(192, 6, kernel_size=(1, 1), stride=(1, 1))
              (2): ReLU(inplace=True)
              (3): Conv2d(6, 192, kernel_size=(1, 1), stride=(1, 1))
              (4): Sigmoid()
            )
          )
        )
      )
      (ln_2): LayerNorm((192,), eps=1e-05, elementwise_affine=True)
    )
  )
  (down3_4): Downsample(
    (body): Sequential(
      (0): Conv2d(192, 96, kernel_size=(3, 3), stride=(1, 1), padding=(1, 1), bias=False)
      (1): PixelUnshuffle(downscale_factor=2)
    )
  )
  (latent): ModuleList(
    (0-7): 8 x VSSBlock(
      (ln_1): LayerNorm((384,), eps=1e-05, elementwise_affine=True)
      (self_attention): SS2D(
        (in_proj): Linear(in_features=384, out_features=1536, bias=False)
        (conv2d): Conv2d(768, 768, kernel_size=(3, 3), stride=(1, 1), padding=(1, 1), groups=768)
        (act): SiLU()
        (out_norm): LayerNorm((768,), eps=1e-05, elementwise_affine=True)
        (out_proj): Linear(in_features=768, out_features=384, bias=False)
      )
      (drop_path): DropPath(drop_prob=0.000)
      (conv_blk): CAB(
        (cab): Sequential(
          (0): Conv2d(384, 128, kernel_size=(3, 3), stride=(1, 1), padding=(1, 1))
          (1): GELU(approximate='none')
          (2): Conv2d(128, 384, kernel_size=(3, 3), stride=(1, 1), padding=(1, 1))
          (3): ChannelAttention(
            (attention): Sequential(
              (0): AdaptiveAvgPool2d(output_size=1)
              (1): Conv2d(384, 12, kernel_size=(1, 1), stride=(1, 1))
              (2): ReLU(inplace=True)
              (3): Conv2d(12, 384, kernel_size=(1, 1), stride=(1, 1))
              (4): Sigmoid()
            )
          )
        )
      )
      (ln_2): LayerNorm((384,), eps=1e-05, elementwise_affine=True)
    )
  )
  (up4_3): Upsample(
    (body): Sequential(
      (0): Conv2d(384, 768, kernel_size=(3, 3), stride=(1, 1), padding=(1, 1), bias=False)
      (1): PixelShuffle(upscale_factor=2)
    )
  )
  (reduce_chan_level3): Conv2d(384, 192, kernel_size=(1, 1), stride=(1, 1), bias=False)
  (decoder_level3): ModuleList(
    (0-5): 6 x VSSBlock(
      (ln_1): LayerNorm((192,), eps=1e-05, elementwise_affine=True)
      (self_attention): SS2D(
        (in_proj): Linear(in_features=192, out_features=768, bias=False)
        (conv2d): Conv2d(384, 384, kernel_size=(3, 3), stride=(1, 1), padding=(1, 1), groups=384)
        (act): SiLU()
        (out_norm): LayerNorm((384,), eps=1e-05, elementwise_affine=True)
        (out_proj): Linear(in_features=384, out_features=192, bias=False)
      )
      (drop_path): DropPath(drop_prob=0.000)
      (conv_blk): CAB(
        (cab): Sequential(
          (0): Conv2d(192, 64, kernel_size=(3, 3), stride=(1, 1), padding=(1, 1))
          (1): GELU(approximate='none')
          (2): Conv2d(64, 192, kernel_size=(3, 3), stride=(1, 1), padding=(1, 1))
          (3): ChannelAttention(
            (attention): Sequential(
              (0): AdaptiveAvgPool2d(output_size=1)
              (1): Conv2d(192, 6, kernel_size=(1, 1), stride=(1, 1))
              (2): ReLU(inplace=True)
              (3): Conv2d(6, 192, kernel_size=(1, 1), stride=(1, 1))
              (4): Sigmoid()
            )
          )
        )
      )
      (ln_2): LayerNorm((192,), eps=1e-05, elementwise_affine=True)
    )
  )
  (up3_2): Upsample(
    (body): Sequential(
      (0): Conv2d(192, 384, kernel_size=(3, 3), stride=(1, 1), padding=(1, 1), bias=False)
      (1): PixelShuffle(upscale_factor=2)
    )
  )
  (reduce_chan_level2): Conv2d(192, 96, kernel_size=(1, 1), stride=(1, 1), bias=False)
  (decoder_level2): ModuleList(
    (0-5): 6 x VSSBlock(
      (ln_1): LayerNorm((96,), eps=1e-05, elementwise_affine=True)
      (self_attention): SS2D(
        (in_proj): Linear(in_features=96, out_features=384, bias=False)
        (conv2d): Conv2d(192, 192, kernel_size=(3, 3), stride=(1, 1), padding=(1, 1), groups=192)
        (act): SiLU()
        (out_norm): LayerNorm((192,), eps=1e-05, elementwise_affine=True)
        (out_proj): Linear(in_features=192, out_features=96, bias=False)
      )
      (drop_path): DropPath(drop_prob=0.000)
      (conv_blk): CAB(
        (cab): Sequential(
          (0): Conv2d(96, 32, kernel_size=(3, 3), stride=(1, 1), padding=(1, 1))
          (1): GELU(approximate='none')
          (2): Conv2d(32, 96, kernel_size=(3, 3), stride=(1, 1), padding=(1, 1))
          (3): ChannelAttention(
            (attention): Sequential(
              (0): AdaptiveAvgPool2d(output_size=1)
              (1): Conv2d(96, 3, kernel_size=(1, 1), stride=(1, 1))
              (2): ReLU(inplace=True)
              (3): Conv2d(3, 96, kernel_size=(1, 1), stride=(1, 1))
              (4): Sigmoid()
            )
          )
        )
      )
      (ln_2): LayerNorm((96,), eps=1e-05, elementwise_affine=True)
    )
  )
  (up2_1): Upsample(
    (body): Sequential(
      (0): Conv2d(96, 192, kernel_size=(3, 3), stride=(1, 1), padding=(1, 1), bias=False)
      (1): PixelShuffle(upscale_factor=2)
    )
  )
  (decoder_level1): ModuleList(
    (0-3): 4 x VSSBlock(
      (ln_1): LayerNorm((96,), eps=1e-05, elementwise_affine=True)
      (self_attention): SS2D(
        (in_proj): Linear(in_features=96, out_features=384, bias=False)
        (conv2d): Conv2d(192, 192, kernel_size=(3, 3), stride=(1, 1), padding=(1, 1), groups=192)
        (act): SiLU()
        (out_norm): LayerNorm((192,), eps=1e-05, elementwise_affine=True)
        (out_proj): Linear(in_features=192, out_features=96, bias=False)
      )
      (drop_path): DropPath(drop_prob=0.000)
      (conv_blk): CAB(
        (cab): Sequential(
          (0): Conv2d(96, 32, kernel_size=(3, 3), stride=(1, 1), padding=(1, 1))
          (1): GELU(approximate='none')
          (2): Conv2d(32, 96, kernel_size=(3, 3), stride=(1, 1), padding=(1, 1))
          (3): ChannelAttention(
            (attention): Sequential(
              (0): AdaptiveAvgPool2d(output_size=1)
              (1): Conv2d(96, 3, kernel_size=(1, 1), stride=(1, 1))
              (2): ReLU(inplace=True)
              (3): Conv2d(3, 96, kernel_size=(1, 1), stride=(1, 1))
              (4): Sigmoid()
            )
          )
        )
      )
      (ln_2): LayerNorm((96,), eps=1e-05, elementwise_affine=True)
    )
  )
  (refinement): ModuleList(
    (0-3): 4 x VSSBlock(
      (ln_1): LayerNorm((96,), eps=1e-05, elementwise_affine=True)
      (self_attention): SS2D(
        (in_proj): Linear(in_features=96, out_features=384, bias=False)
        (conv2d): Conv2d(192, 192, kernel_size=(3, 3), stride=(1, 1), padding=(1, 1), groups=192)
        (act): SiLU()
        (out_norm): LayerNorm((192,), eps=1e-05, elementwise_affine=True)
        (out_proj): Linear(in_features=192, out_features=96, bias=False)
      )
      (drop_path): DropPath(drop_prob=0.000)
      (conv_blk): CAB(
        (cab): Sequential(
          (0): Conv2d(96, 32, kernel_size=(3, 3), stride=(1, 1), padding=(1, 1))
          (1): GELU(approximate='none')
          (2): Conv2d(32, 96, kernel_size=(3, 3), stride=(1, 1), padding=(1, 1))
          (3): ChannelAttention(
            (attention): Sequential(
              (0): AdaptiveAvgPool2d(output_size=1)
              (1): Conv2d(96, 3, kernel_size=(1, 1), stride=(1, 1))
              (2): ReLU(inplace=True)
              (3): Conv2d(3, 96, kernel_size=(1, 1), stride=(1, 1))
              (4): Sigmoid()
            )
          )
        )
      )
      (ln_2): LayerNorm((96,), eps=1e-05, elementwise_affine=True)
    )
  )
  (output): Conv2d(96, 3, kernel_size=(3, 3), stride=(1, 1), padding=(1, 1), bias=False)
)
2024-07-18 15:11:36,647 INFO: Model [ImageCleanModel] is created.
2024-07-18 15:11:36,711 INFO: Start training from epoch: 0, iter: 0
2024-07-18 15:11:41,746 INFO: 
 Updating Patch_Size to 256 and Batch_Size to 16 

2024-07-18 15:28:51,942 INFO: [Mamba..][epoch:  2, iter:   1,000, lr:(3.000e-04,)] [eta: 3 days, 13:54:02, time (data): 1.006 (0.001)] l_pix: 3.8268e-02 
2024-07-18 15:45:54,710 INFO: [Mamba..][epoch:  5, iter:   2,000, lr:(3.000e-04,)] [eta: 3 days, 13:08:17, time (data): 1.007 (0.002)] l_pix: 1.7640e-02 
2024-07-18 16:02:57,449 INFO: [Mamba..][epoch:  8, iter:   3,000, lr:(3.000e-04,)] [eta: 3 days, 12:41:36, time (data): 1.007 (0.002)] l_pix: 4.3158e-02 
2024-07-18 16:19:48,464 INFO: [Mamba..][epoch: 11, iter:   4,000, lr:(3.000e-04,)] [eta: 3 days, 12:05:17, time (data): 0.994 (0.001)] l_pix: 4.8006e-02 
2024-07-18 16:19:48,465 INFO: Saving models and training states.
2024-07-18 16:20:08,234 INFO: Validation val_dataset,		 # psnr: 21.7807
2024-07-18 16:37:10,894 INFO: [Mamba..][epoch: 14, iter:   5,000, lr:(3.000e-04,)] [eta: 3 days, 12:07:38, time (data): 1.007 (0.002)] l_pix: 3.9961e-02 
2024-07-18 16:54:13,597 INFO: [Mamba..][epoch: 17, iter:   6,000, lr:(3.000e-04,)] [eta: 3 days, 11:47:19, time (data): 1.006 (0.002)] l_pix: 3.7792e-02 
2024-07-18 17:11:16,397 INFO: [Mamba..][epoch: 20, iter:   7,000, lr:(3.000e-04,)] [eta: 3 days, 11:27:59, time (data): 1.006 (0.001)] l_pix: 3.0382e-02 
2024-07-18 17:28:19,204 INFO: [Mamba..][epoch: 23, iter:   8,000, lr:(3.000e-04,)] [eta: 3 days, 11:09:14, time (data): 1.006 (0.002)] l_pix: 1.9437e-02 
2024-07-18 17:28:19,204 INFO: Saving models and training states.
2024-07-18 17:28:38,746 INFO: Validation val_dataset,		 # psnr: 21.8948
2024-07-18 17:45:41,717 INFO: [Mamba..][epoch: 26, iter:   9,000, lr:(3.000e-04,)] [eta: 3 days, 11:01:29, time (data): 1.007 (0.001)] l_pix: 5.3408e-02 
2024-07-18 18:02:44,612 INFO: [Mamba..][epoch: 29, iter:  10,000, lr:(3.000e-04,)] [eta: 3 days, 10:42:20, time (data): 1.006 (0.001)] l_pix: 4.3636e-02 
2024-07-18 18:19:47,425 INFO: [Mamba..][epoch: 32, iter:  11,000, lr:(3.000e-04,)] [eta: 3 days, 10:23:31, time (data): 1.006 (0.001)] l_pix: 3.0284e-02 
2024-07-18 18:36:45,329 INFO: [Mamba..][epoch: 34, iter:  12,000, lr:(3.000e-04,)] [eta: 3 days, 10:03:02, time (data): 1.007 (0.001)] l_pix: 4.2066e-02 
2024-07-18 18:36:45,330 INFO: Saving models and training states.
2024-07-18 18:37:04,968 INFO: Validation val_dataset,		 # psnr: 21.8985
2024-07-18 18:54:07,904 INFO: [Mamba..][epoch: 37, iter:  13,000, lr:(3.000e-04,)] [eta: 3 days, 9:52:10, time (data): 1.008 (0.001)] l_pix: 1.8780e-02 
2024-07-18 19:11:10,884 INFO: [Mamba..][epoch: 40, iter:  14,000, lr:(3.000e-04,)] [eta: 3 days, 9:33:43, time (data): 1.007 (0.001)] l_pix: 5.0840e-02 
2024-07-18 19:28:13,717 INFO: [Mamba..][epoch: 43, iter:  15,000, lr:(3.000e-04,)] [eta: 3 days, 9:15:23, time (data): 1.007 (0.001)] l_pix: 3.6820e-02 
2024-07-18 19:45:16,698 INFO: [Mamba..][epoch: 46, iter:  16,000, lr:(3.000e-04,)] [eta: 3 days, 8:57:16, time (data): 1.006 (0.001)] l_pix: 2.7673e-02 
2024-07-18 19:45:16,699 INFO: Saving models and training states.
2024-07-18 19:45:36,633 INFO: Validation val_dataset,		 # psnr: 22.0273
2024-07-18 20:02:39,501 INFO: [Mamba..][epoch: 49, iter:  17,000, lr:(3.000e-04,)] [eta: 3 days, 8:44:47, time (data): 1.007 (0.001)] l_pix: 2.6306e-02 
2024-07-18 20:19:42,291 INFO: [Mamba..][epoch: 52, iter:  18,000, lr:(3.000e-04,)] [eta: 3 days, 8:26:31, time (data): 1.007 (0.001)] l_pix: 3.1645e-02 
2024-07-18 20:36:45,397 INFO: [Mamba..][epoch: 55, iter:  19,000, lr:(3.000e-04,)] [eta: 3 days, 8:08:27, time (data): 1.006 (0.001)] l_pix: 5.3924e-02 
2024-07-18 20:53:48,592 INFO: [Mamba..][epoch: 58, iter:  20,000, lr:(3.000e-04,)] [eta: 3 days, 7:50:31, time (data): 1.007 (0.002)] l_pix: 1.5876e-02 
2024-07-18 20:53:48,593 INFO: Saving models and training states.
2024-07-18 20:54:08,150 INFO: Validation val_dataset,		 # psnr: 22.0222
2024-07-18 21:11:11,261 INFO: [Mamba..][epoch: 61, iter:  21,000, lr:(3.000e-04,)] [eta: 3 days, 7:36:59, time (data): 1.007 (0.001)] l_pix: 1.8352e-02 
2024-07-18 21:28:14,203 INFO: [Mamba..][epoch: 64, iter:  22,000, lr:(3.000e-04,)] [eta: 3 days, 7:18:56, time (data): 1.008 (0.001)] l_pix: 1.5486e-02 
2024-07-18 21:45:17,098 INFO: [Mamba..][epoch: 67, iter:  23,000, lr:(3.000e-04,)] [eta: 3 days, 7:00:58, time (data): 1.007 (0.001)] l_pix: 3.0078e-02 
2024-07-18 22:02:15,062 INFO: [Mamba..][epoch: 69, iter:  24,000, lr:(3.000e-04,)] [eta: 3 days, 6:42:08, time (data): 1.006 (0.002)] l_pix: 3.7533e-02 
2024-07-18 22:02:15,062 INFO: Saving models and training states.
2024-07-18 22:02:34,770 INFO: Validation val_dataset,		 # psnr: 22.1742
2024-07-18 22:19:34,617 INFO: [Mamba..][epoch: 72, iter:  25,000, lr:(3.000e-04,)] [eta: 3 days, 6:27:25, time (data): 1.007 (0.001)] l_pix: 2.8914e-02 
2024-07-18 22:36:37,425 INFO: [Mamba..][epoch: 75, iter:  26,000, lr:(3.000e-04,)] [eta: 3 days, 6:09:33, time (data): 1.006 (0.001)] l_pix: 2.7298e-02 
2024-07-18 22:53:40,399 INFO: [Mamba..][epoch: 78, iter:  27,000, lr:(3.000e-04,)] [eta: 3 days, 5:51:46, time (data): 1.007 (0.001)] l_pix: 3.7272e-02 
2024-07-18 23:10:43,169 INFO: [Mamba..][epoch: 81, iter:  28,000, lr:(3.000e-04,)] [eta: 3 days, 5:34:00, time (data): 1.007 (0.001)] l_pix: 2.5618e-02 
2024-07-18 23:10:43,170 INFO: Saving models and training states.
2024-07-18 23:11:02,962 INFO: Validation val_dataset,		 # psnr: 22.1904
2024-07-18 23:28:05,841 INFO: [Mamba..][epoch: 84, iter:  29,000, lr:(3.000e-04,)] [eta: 3 days, 5:19:24, time (data): 1.006 (0.001)] l_pix: 2.6855e-02 
2024-07-18 23:45:08,527 INFO: [Mamba..][epoch: 87, iter:  30,000, lr:(3.000e-04,)] [eta: 3 days, 5:01:36, time (data): 1.007 (0.001)] l_pix: 2.5213e-02 
2024-07-19 00:02:11,225 INFO: [Mamba..][epoch: 90, iter:  31,000, lr:(3.000e-04,)] [eta: 3 days, 4:43:52, time (data): 1.006 (0.002)] l_pix: 2.3753e-02 
2024-07-19 00:19:14,145 INFO: [Mamba..][epoch: 93, iter:  32,000, lr:(3.000e-04,)] [eta: 3 days, 4:26:11, time (data): 1.007 (0.001)] l_pix: 2.4302e-02 
2024-07-19 00:19:14,145 INFO: Saving models and training states.
2024-07-19 00:19:33,825 INFO: Validation val_dataset,		 # psnr: 22.0885
2024-07-19 00:36:36,912 INFO: [Mamba..][epoch: 96, iter:  33,000, lr:(3.000e-04,)] [eta: 3 days, 4:11:14, time (data): 1.007 (0.001)] l_pix: 2.4530e-02 
2024-07-19 00:53:39,846 INFO: [Mamba..][epoch: 99, iter:  34,000, lr:(3.000e-04,)] [eta: 3 days, 3:53:33, time (data): 1.007 (0.001)] l_pix: 1.1163e-02 
2024-07-19 01:10:42,964 INFO: [Mamba..][epoch:102, iter:  35,000, lr:(3.000e-04,)] [eta: 3 days, 3:35:56, time (data): 1.007 (0.001)] l_pix: 1.7376e-02 
2024-07-19 01:27:40,845 INFO: [Mamba..][epoch:104, iter:  36,000, lr:(3.000e-04,)] [eta: 3 days, 3:17:42, time (data): 1.008 (0.001)] l_pix: 1.3401e-02 
2024-07-19 01:27:40,846 INFO: Saving models and training states.
2024-07-19 01:28:00,608 INFO: Validation val_dataset,		 # psnr: 22.3058
2024-07-19 01:45:04,251 INFO: [Mamba..][epoch:107, iter:  37,000, lr:(3.000e-04,)] [eta: 3 days, 3:02:33, time (data): 1.007 (0.001)] l_pix: 2.2567e-02 
2024-07-19 02:02:06,873 INFO: [Mamba..][epoch:110, iter:  38,000, lr:(3.000e-04,)] [eta: 3 days, 2:44:55, time (data): 1.006 (0.001)] l_pix: 2.2037e-02 
2024-07-19 02:19:09,771 INFO: [Mamba..][epoch:113, iter:  39,000, lr:(3.000e-04,)] [eta: 3 days, 2:27:19, time (data): 1.006 (0.001)] l_pix: 2.7803e-02 
2024-07-19 02:36:12,506 INFO: [Mamba..][epoch:116, iter:  40,000, lr:(3.000e-04,)] [eta: 3 days, 2:09:45, time (data): 1.007 (0.001)] l_pix: 1.7357e-02 
2024-07-19 02:36:12,507 INFO: Saving models and training states.
2024-07-19 02:36:32,249 INFO: Validation val_dataset,		 # psnr: 22.1630
2024-07-19 02:53:35,587 INFO: [Mamba..][epoch:119, iter:  41,000, lr:(3.000e-04,)] [eta: 3 days, 1:54:20, time (data): 1.007 (0.002)] l_pix: 3.3768e-02 
2024-07-19 03:10:38,505 INFO: [Mamba..][epoch:122, iter:  42,000, lr:(3.000e-04,)] [eta: 3 days, 1:36:46, time (data): 1.007 (0.001)] l_pix: 2.6273e-02 
2024-07-19 03:27:42,016 INFO: [Mamba..][epoch:125, iter:  43,000, lr:(3.000e-04,)] [eta: 3 days, 1:19:17, time (data): 1.007 (0.001)] l_pix: 2.2069e-02 
2024-07-19 03:44:48,553 INFO: [Mamba..][epoch:128, iter:  44,000, lr:(3.000e-04,)] [eta: 3 days, 1:02:07, time (data): 1.006 (0.001)] l_pix: 2.3223e-02 
2024-07-19 03:44:48,553 INFO: Saving models and training states.
2024-07-19 03:45:08,181 INFO: Validation val_dataset,		 # psnr: 22.3112
2024-07-19 04:02:10,833 INFO: [Mamba..][epoch:131, iter:  45,000, lr:(3.000e-04,)] [eta: 3 days, 0:46:26, time (data): 1.007 (0.002)] l_pix: 2.2161e-02 
2024-07-19 04:19:13,603 INFO: [Mamba..][epoch:134, iter:  46,000, lr:(3.000e-04,)] [eta: 3 days, 0:28:53, time (data): 1.007 (0.001)] l_pix: 1.7878e-02 
2024-07-19 04:36:16,417 INFO: [Mamba..][epoch:137, iter:  47,000, lr:(3.000e-04,)] [eta: 3 days, 0:11:22, time (data): 1.007 (0.001)] l_pix: 2.4867e-02 
2024-07-19 04:53:14,207 INFO: [Mamba..][epoch:139, iter:  48,000, lr:(3.000e-04,)] [eta: 2 days, 23:53:25, time (data): 1.006 (0.001)] l_pix: 3.6211e-02 
2024-07-19 04:53:14,208 INFO: Saving models and training states.
2024-07-19 04:53:33,999 INFO: Validation val_dataset,		 # psnr: 22.2743
2024-07-19 05:10:37,136 INFO: [Mamba..][epoch:142, iter:  49,000, lr:(3.000e-04,)] [eta: 2 days, 23:37:40, time (data): 1.007 (0.002)] l_pix: 2.1033e-02 
2024-07-19 05:27:40,101 INFO: [Mamba..][epoch:145, iter:  50,000, lr:(3.000e-04,)] [eta: 2 days, 23:20:11, time (data): 1.007 (0.002)] l_pix: 3.3290e-02 
2024-07-19 05:44:42,878 INFO: [Mamba..][epoch:148, iter:  51,000, lr:(3.000e-04,)] [eta: 2 days, 23:02:42, time (data): 1.007 (0.001)] l_pix: 2.5219e-02 
2024-07-19 06:01:45,536 INFO: [Mamba..][epoch:151, iter:  52,000, lr:(3.000e-04,)] [eta: 2 days, 22:45:13, time (data): 1.006 (0.001)] l_pix: 2.3461e-02 
2024-07-19 06:01:45,537 INFO: Saving models and training states.
2024-07-19 06:02:05,294 INFO: Validation val_dataset,		 # psnr: 22.4276
2024-07-19 06:19:08,395 INFO: [Mamba..][epoch:154, iter:  53,000, lr:(3.000e-04,)] [eta: 2 days, 22:29:19, time (data): 1.007 (0.002)] l_pix: 2.9524e-02 
2024-07-19 06:36:11,058 INFO: [Mamba..][epoch:157, iter:  54,000, lr:(3.000e-04,)] [eta: 2 days, 22:11:51, time (data): 1.007 (0.001)] l_pix: 2.6095e-02 
2024-07-19 06:53:13,884 INFO: [Mamba..][epoch:160, iter:  55,000, lr:(3.000e-04,)] [eta: 2 days, 21:54:23, time (data): 1.007 (0.002)] l_pix: 6.0849e-02 
2024-07-19 07:10:16,985 INFO: [Mamba..][epoch:163, iter:  56,000, lr:(3.000e-04,)] [eta: 2 days, 21:36:58, time (data): 1.006 (0.002)] l_pix: 2.3056e-02 
2024-07-19 07:10:16,985 INFO: Saving models and training states.
2024-07-19 07:10:36,611 INFO: Validation val_dataset,		 # psnr: 22.4148
2024-07-19 07:27:39,616 INFO: [Mamba..][epoch:166, iter:  57,000, lr:(3.000e-04,)] [eta: 2 days, 21:20:57, time (data): 1.007 (0.001)] l_pix: 2.8484e-02 
2024-07-19 07:44:42,468 INFO: [Mamba..][epoch:169, iter:  58,000, lr:(3.000e-04,)] [eta: 2 days, 21:03:31, time (data): 1.006 (0.001)] l_pix: 2.0212e-02 
2024-07-19 08:01:45,341 INFO: [Mamba..][epoch:172, iter:  59,000, lr:(3.000e-04,)] [eta: 2 days, 20:46:05, time (data): 1.007 (0.001)] l_pix: 2.1361e-02 
2024-07-19 08:18:43,475 INFO: [Mamba..][epoch:174, iter:  60,000, lr:(3.000e-04,)] [eta: 2 days, 20:28:22, time (data): 1.139 (0.001)] l_pix: 2.0234e-02 
2024-07-19 08:18:43,475 INFO: Saving models and training states.
2024-07-19 08:19:03,210 INFO: Validation val_dataset,		 # psnr: 22.4076
2024-07-19 08:36:06,056 INFO: [Mamba..][epoch:177, iter:  61,000, lr:(3.000e-04,)] [eta: 2 days, 20:12:15, time (data): 1.007 (0.001)] l_pix: 2.1685e-02 
2024-07-19 08:53:08,933 INFO: [Mamba..][epoch:180, iter:  62,000, lr:(3.000e-04,)] [eta: 2 days, 19:54:51, time (data): 1.006 (0.002)] l_pix: 1.8822e-02 
2024-07-19 09:10:11,810 INFO: [Mamba..][epoch:183, iter:  63,000, lr:(3.000e-04,)] [eta: 2 days, 19:37:27, time (data): 1.007 (0.001)] l_pix: 1.9933e-02 
2024-07-19 09:27:14,568 INFO: [Mamba..][epoch:186, iter:  64,000, lr:(3.000e-04,)] [eta: 2 days, 19:20:03, time (data): 1.007 (0.001)] l_pix: 1.2969e-02 
2024-07-19 09:27:14,569 INFO: Saving models and training states.
2024-07-19 09:27:34,228 INFO: Validation val_dataset,		 # psnr: 22.3428
2024-07-19 09:44:37,264 INFO: [Mamba..][epoch:189, iter:  65,000, lr:(3.000e-04,)] [eta: 2 days, 19:03:52, time (data): 1.006 (0.001)] l_pix: 3.1523e-02 
2024-07-19 10:01:40,142 INFO: [Mamba..][epoch:192, iter:  66,000, lr:(3.000e-04,)] [eta: 2 days, 18:46:29, time (data): 1.007 (0.002)] l_pix: 1.8763e-02 
2024-07-19 10:18:42,940 INFO: [Mamba..][epoch:195, iter:  67,000, lr:(3.000e-04,)] [eta: 2 days, 18:29:06, time (data): 1.006 (0.002)] l_pix: 2.6099e-02 
2024-07-19 10:35:45,953 INFO: [Mamba..][epoch:198, iter:  68,000, lr:(3.000e-04,)] [eta: 2 days, 18:11:44, time (data): 1.007 (0.001)] l_pix: 1.4275e-02 
2024-07-19 10:35:45,953 INFO: Saving models and training states.
2024-07-19 10:36:05,578 INFO: Validation val_dataset,		 # psnr: 22.4361
2024-07-19 10:53:08,856 INFO: [Mamba..][epoch:201, iter:  69,000, lr:(3.000e-04,)] [eta: 2 days, 17:55:30, time (data): 1.007 (0.001)] l_pix: 2.7818e-02 
2024-07-19 11:10:11,702 INFO: [Mamba..][epoch:204, iter:  70,000, lr:(3.000e-04,)] [eta: 2 days, 17:38:07, time (data): 1.007 (0.001)] l_pix: 1.4264e-02 
2024-07-19 11:27:09,592 INFO: [Mamba..][epoch:206, iter:  71,000, lr:(3.000e-04,)] [eta: 2 days, 17:20:30, time (data): 1.006 (0.001)] l_pix: 1.5100e-02 
2024-07-19 11:44:12,577 INFO: [Mamba..][epoch:209, iter:  72,000, lr:(3.000e-04,)] [eta: 2 days, 17:03:09, time (data): 1.007 (0.001)] l_pix: 2.5796e-02 
2024-07-19 11:44:12,578 INFO: Saving models and training states.
2024-07-19 11:44:32,206 INFO: Validation val_dataset,		 # psnr: 22.4212
2024-07-19 12:01:35,623 INFO: [Mamba..][epoch:212, iter:  73,000, lr:(3.000e-04,)] [eta: 2 days, 16:46:51, time (data): 1.007 (0.002)] l_pix: 3.1995e-02 
2024-07-19 12:18:44,775 INFO: [Mamba..][epoch:215, iter:  74,000, lr:(3.000e-04,)] [eta: 2 days, 16:29:49, time (data): 1.012 (0.001)] l_pix: 2.2490e-02 
2024-07-19 12:35:39,390 INFO: [Mamba..][epoch:218, iter:  75,000, lr:(3.000e-04,)] [eta: 2 days, 16:12:04, time (data): 1.007 (0.001)] l_pix: 2.3782e-02 
2024-07-19 12:52:42,207 INFO: [Mamba..][epoch:221, iter:  76,000, lr:(3.000e-04,)] [eta: 2 days, 15:54:43, time (data): 1.007 (0.001)] l_pix: 4.1223e-02 
2024-07-19 12:52:42,208 INFO: Saving models and training states.
2024-07-19 12:53:01,944 INFO: Validation val_dataset,		 # psnr: 22.4050
2024-07-19 13:10:05,039 INFO: [Mamba..][epoch:224, iter:  77,000, lr:(3.000e-04,)] [eta: 2 days, 15:38:22, time (data): 1.006 (0.001)] l_pix: 3.1047e-02 
2024-07-19 13:27:08,805 INFO: [Mamba..][epoch:227, iter:  78,000, lr:(3.000e-04,)] [eta: 2 days, 15:21:04, time (data): 1.007 (0.001)] l_pix: 3.0074e-02 
2024-07-19 13:44:13,524 INFO: [Mamba..][epoch:230, iter:  79,000, lr:(3.000e-04,)] [eta: 2 days, 15:03:49, time (data): 1.009 (0.001)] l_pix: 2.8441e-02 
2024-07-19 14:01:17,044 INFO: [Mamba..][epoch:233, iter:  80,000, lr:(3.000e-04,)] [eta: 2 days, 14:46:32, time (data): 1.009 (0.002)] l_pix: 2.9454e-02 
2024-07-19 14:01:17,045 INFO: Saving models and training states.
2024-07-19 14:01:36,686 INFO: Validation val_dataset,		 # psnr: 22.4458
2024-07-19 14:18:40,475 INFO: [Mamba..][epoch:236, iter:  81,000, lr:(3.000e-04,)] [eta: 2 days, 14:30:08, time (data): 1.007 (0.001)] l_pix: 3.8048e-02 
2024-07-19 14:35:43,966 INFO: [Mamba..][epoch:239, iter:  82,000, lr:(3.000e-04,)] [eta: 2 days, 14:12:50, time (data): 1.007 (0.001)] l_pix: 2.6599e-02 
2024-07-19 14:52:42,264 INFO: [Mamba..][epoch:241, iter:  83,000, lr:(3.000e-04,)] [eta: 2 days, 13:55:19, time (data): 1.007 (0.001)] l_pix: 1.8608e-02 
2024-07-19 15:09:45,140 INFO: [Mamba..][epoch:244, iter:  84,000, lr:(3.000e-04,)] [eta: 2 days, 13:38:01, time (data): 1.007 (0.002)] l_pix: 1.6666e-02 
2024-07-19 15:09:45,140 INFO: Saving models and training states.
2024-07-19 15:10:04,868 INFO: Validation val_dataset,		 # psnr: 22.3445
2024-07-19 15:27:07,928 INFO: [Mamba..][epoch:247, iter:  85,000, lr:(3.000e-04,)] [eta: 2 days, 13:21:33, time (data): 1.007 (0.001)] l_pix: 1.1362e-02 
2024-07-19 15:44:10,522 INFO: [Mamba..][epoch:250, iter:  86,000, lr:(3.000e-04,)] [eta: 2 days, 13:04:13, time (data): 1.006 (0.001)] l_pix: 3.0234e-02 
2024-07-19 16:01:13,401 INFO: [Mamba..][epoch:253, iter:  87,000, lr:(3.000e-04,)] [eta: 2 days, 12:46:55, time (data): 1.006 (0.001)] l_pix: 4.7212e-02 
2024-07-19 16:18:16,085 INFO: [Mamba..][epoch:256, iter:  88,000, lr:(3.000e-04,)] [eta: 2 days, 12:29:36, time (data): 1.006 (0.001)] l_pix: 2.2665e-02 
2024-07-19 16:18:16,086 INFO: Saving models and training states.
2024-07-19 16:18:35,694 INFO: Validation val_dataset,		 # psnr: 22.4249
2024-07-19 16:35:38,568 INFO: [Mamba..][epoch:259, iter:  89,000, lr:(3.000e-04,)] [eta: 2 days, 12:13:05, time (data): 1.006 (0.001)] l_pix: 1.9499e-02 
2024-07-19 16:52:41,474 INFO: [Mamba..][epoch:262, iter:  90,000, lr:(3.000e-04,)] [eta: 2 days, 11:55:47, time (data): 1.006 (0.001)] l_pix: 1.4863e-02 
2024-07-19 17:09:44,776 INFO: [Mamba..][epoch:265, iter:  91,000, lr:(3.000e-04,)] [eta: 2 days, 11:38:31, time (data): 1.007 (0.002)] l_pix: 1.0469e-02 
2024-07-19 17:26:47,674 INFO: [Mamba..][epoch:268, iter:  92,000, lr:(3.000e-04,)] [eta: 2 days, 11:21:13, time (data): 1.006 (0.001)] l_pix: 4.3535e-02 
2024-07-19 17:26:47,675 INFO: Saving models and training states.
2024-07-19 17:27:07,454 INFO: Validation val_dataset,		 # psnr: 22.3935
2024-07-19 17:44:14,653 INFO: [Mamba..][epoch:271, iter:  93,000, lr:(3.000e-04,)] [eta: 2 days, 11:04:50, time (data): 1.007 (0.001)] l_pix: 3.0619e-02 
2024-07-19 18:01:17,567 INFO: [Mamba..][epoch:274, iter:  94,000, lr:(2.999e-04,)] [eta: 2 days, 10:47:32, time (data): 1.007 (0.001)] l_pix: 2.6406e-02 
2024-07-19 18:18:15,405 INFO: [Mamba..][epoch:276, iter:  95,000, lr:(2.998e-04,)] [eta: 2 days, 10:30:04, time (data): 1.006 (0.001)] l_pix: 2.9999e-02 
2024-07-19 18:35:18,118 INFO: [Mamba..][epoch:279, iter:  96,000, lr:(2.997e-04,)] [eta: 2 days, 10:12:47, time (data): 1.007 (0.001)] l_pix: 1.7392e-02 
2024-07-19 18:35:18,119 INFO: Saving models and training states.
2024-07-19 18:35:37,869 INFO: Validation val_dataset,		 # psnr: 22.4796
2024-07-19 18:52:40,939 INFO: [Mamba..][epoch:282, iter:  97,000, lr:(2.996e-04,)] [eta: 2 days, 9:56:12, time (data): 1.006 (0.001)] l_pix: 1.2273e-02 
2024-07-19 19:09:41,434 INFO: [Mamba..][epoch:285, iter:  98,000, lr:(2.994e-04,)] [eta: 2 days, 9:38:50, time (data): 0.995 (0.001)] l_pix: 1.8767e-02 
2024-07-19 19:26:31,830 INFO: [Mamba..][epoch:288, iter:  99,000, lr:(2.992e-04,)] [eta: 2 days, 9:21:08, time (data): 0.994 (0.001)] l_pix: 1.8429e-02 
2024-07-19 19:43:21,956 INFO: [Mamba..][epoch:291, iter: 100,000, lr:(2.989e-04,)] [eta: 2 days, 9:03:27, time (data): 0.994 (0.001)] l_pix: 2.5144e-02 
2024-07-19 19:43:21,957 INFO: Saving models and training states.
2024-07-19 19:43:41,557 INFO: Validation val_dataset,		 # psnr: 22.4086
2024-07-19 20:00:39,341 INFO: [Mamba..][epoch:294, iter: 101,000, lr:(2.986e-04,)] [eta: 2 days, 8:46:40, time (data): 1.007 (0.001)] l_pix: 3.3522e-02 
2024-07-19 20:17:42,367 INFO: [Mamba..][epoch:297, iter: 102,000, lr:(2.983e-04,)] [eta: 2 days, 8:29:25, time (data): 1.008 (0.001)] l_pix: 5.8584e-02 
2024-07-19 20:34:35,632 INFO: [Mamba..][epoch:300, iter: 103,000, lr:(2.979e-04,)] [eta: 2 days, 8:11:52, time (data): 0.995 (0.002)] l_pix: 5.0748e-02 
2024-07-19 20:51:26,495 INFO: [Mamba..][epoch:303, iter: 104,000, lr:(2.976e-04,)] [eta: 2 days, 7:54:14, time (data): 0.995 (0.001)] l_pix: 2.6133e-02 
2024-07-19 20:51:26,495 INFO: Saving models and training states.
2024-07-19 20:51:46,096 INFO: Validation val_dataset,		 # psnr: 22.4934
2024-07-19 21:08:36,438 INFO: [Mamba..][epoch:306, iter: 105,000, lr:(2.971e-04,)] [eta: 2 days, 7:37:13, time (data): 0.994 (0.001)] l_pix: 1.7509e-02 
2024-07-19 21:25:26,668 INFO: [Mamba..][epoch:309, iter: 106,000, lr:(2.967e-04,)] [eta: 2 days, 7:19:36, time (data): 0.994 (0.001)] l_pix: 2.0423e-02 
2024-07-19 21:42:11,940 INFO: [Mamba..][epoch:311, iter: 107,000, lr:(2.962e-04,)] [eta: 2 days, 7:01:51, time (data): 0.996 (0.001)] l_pix: 3.1293e-02 
2024-07-19 21:59:02,175 INFO: [Mamba..][epoch:314, iter: 108,000, lr:(2.957e-04,)] [eta: 2 days, 6:44:15, time (data): 0.994 (0.001)] l_pix: 1.4342e-02 
2024-07-19 21:59:02,176 INFO: Saving models and training states.
2024-07-19 21:59:21,877 INFO: Validation val_dataset,		 # psnr: 22.3720
2024-07-19 22:16:20,660 INFO: [Mamba..][epoch:317, iter: 109,000, lr:(2.951e-04,)] [eta: 2 days, 6:27:30, time (data): 1.006 (0.001)] l_pix: 2.6623e-02 
2024-07-19 22:33:23,503 INFO: [Mamba..][epoch:320, iter: 110,000, lr:(2.945e-04,)] [eta: 2 days, 6:10:18, time (data): 1.008 (0.001)] l_pix: 3.4621e-02 
2024-07-19 22:50:26,317 INFO: [Mamba..][epoch:323, iter: 111,000, lr:(2.939e-04,)] [eta: 2 days, 5:53:05, time (data): 1.007 (0.001)] l_pix: 1.6125e-02 
2024-07-19 23:07:28,994 INFO: [Mamba..][epoch:326, iter: 112,000, lr:(2.932e-04,)] [eta: 2 days, 5:35:52, time (data): 1.006 (0.001)] l_pix: 1.3250e-02 
2024-07-19 23:07:28,994 INFO: Saving models and training states.
2024-07-19 23:07:48,701 INFO: Validation val_dataset,		 # psnr: 22.4529
2024-07-19 23:24:51,805 INFO: [Mamba..][epoch:329, iter: 113,000, lr:(2.925e-04,)] [eta: 2 days, 5:19:13, time (data): 1.006 (0.001)] l_pix: 2.1078e-02 
2024-07-19 23:41:54,921 INFO: [Mamba..][epoch:332, iter: 114,000, lr:(2.918e-04,)] [eta: 2 days, 5:02:01, time (data): 1.006 (0.001)] l_pix: 2.7386e-02 
2024-07-19 23:58:58,615 INFO: [Mamba..][epoch:335, iter: 115,000, lr:(2.911e-04,)] [eta: 2 days, 4:44:50, time (data): 1.007 (0.001)] l_pix: 1.1046e-02 
2024-07-20 00:16:01,627 INFO: [Mamba..][epoch:338, iter: 116,000, lr:(2.903e-04,)] [eta: 2 days, 4:27:39, time (data): 1.007 (0.001)] l_pix: 2.6536e-02 
2024-07-20 00:16:01,628 INFO: Saving models and training states.
2024-07-20 00:16:21,230 INFO: Validation val_dataset,		 # psnr: 22.3197
2024-07-20 00:33:25,099 INFO: [Mamba..][epoch:341, iter: 117,000, lr:(2.895e-04,)] [eta: 2 days, 4:10:59, time (data): 1.007 (0.001)] l_pix: 2.7155e-02 
2024-07-20 00:50:28,012 INFO: [Mamba..][epoch:344, iter: 118,000, lr:(2.886e-04,)] [eta: 2 days, 3:53:47, time (data): 1.010 (0.001)] l_pix: 2.5163e-02 
2024-07-20 01:07:26,579 INFO: [Mamba..][epoch:346, iter: 119,000, lr:(2.877e-04,)] [eta: 2 days, 3:36:28, time (data): 1.007 (0.001)] l_pix: 1.8930e-02 
2024-07-20 01:24:34,292 INFO: [Mamba..][epoch:349, iter: 120,000, lr:(2.868e-04,)] [eta: 2 days, 3:19:23, time (data): 1.014 (0.002)] l_pix: 1.7991e-02 
2024-07-20 01:24:34,293 INFO: Saving models and training states.
2024-07-20 01:24:54,506 INFO: Validation val_dataset,		 # psnr: 22.4051
2024-07-20 01:42:01,395 INFO: [Mamba..][epoch:352, iter: 121,000, lr:(2.859e-04,)] [eta: 2 days, 3:02:47, time (data): 1.007 (0.001)] l_pix: 1.8367e-02 
2024-07-20 01:59:03,665 INFO: [Mamba..][epoch:355, iter: 122,000, lr:(2.849e-04,)] [eta: 2 days, 2:45:34, time (data): 1.007 (0.001)] l_pix: 2.2590e-02 
2024-07-20 02:16:06,407 INFO: [Mamba..][epoch:358, iter: 123,000, lr:(2.839e-04,)] [eta: 2 days, 2:28:22, time (data): 1.006 (0.001)] l_pix: 1.7032e-02 
2024-07-20 02:33:09,498 INFO: [Mamba..][epoch:361, iter: 124,000, lr:(2.829e-04,)] [eta: 2 days, 2:11:11, time (data): 1.006 (0.001)] l_pix: 3.5660e-02 
2024-07-20 02:33:09,499 INFO: Saving models and training states.
2024-07-20 02:33:29,109 INFO: Validation val_dataset,		 # psnr: 22.3441
2024-07-20 02:50:31,996 INFO: [Mamba..][epoch:364, iter: 125,000, lr:(2.818e-04,)] [eta: 2 days, 1:54:27, time (data): 1.007 (0.001)] l_pix: 1.7024e-02 
2024-07-20 03:07:36,935 INFO: [Mamba..][epoch:367, iter: 126,000, lr:(2.807e-04,)] [eta: 2 days, 1:37:17, time (data): 1.007 (0.001)] l_pix: 2.7679e-02 
2024-07-20 03:24:39,884 INFO: [Mamba..][epoch:370, iter: 127,000, lr:(2.796e-04,)] [eta: 2 days, 1:20:06, time (data): 1.007 (0.002)] l_pix: 1.9276e-02 
2024-07-20 03:41:42,862 INFO: [Mamba..][epoch:373, iter: 128,000, lr:(2.784e-04,)] [eta: 2 days, 1:02:54, time (data): 1.007 (0.001)] l_pix: 2.3568e-02 
2024-07-20 03:41:42,862 INFO: Saving models and training states.
2024-07-20 03:42:02,498 INFO: Validation val_dataset,		 # psnr: 22.4104
2024-07-20 03:59:05,552 INFO: [Mamba..][epoch:376, iter: 129,000, lr:(2.773e-04,)] [eta: 2 days, 0:46:09, time (data): 1.007 (0.001)] l_pix: 2.3633e-02 
2024-07-20 04:16:08,255 INFO: [Mamba..][epoch:379, iter: 130,000, lr:(2.760e-04,)] [eta: 2 days, 0:28:57, time (data): 1.006 (0.001)] l_pix: 2.9144e-02 
2024-07-20 04:33:06,189 INFO: [Mamba..][epoch:381, iter: 131,000, lr:(2.748e-04,)] [eta: 2 days, 0:11:39, time (data): 1.007 (0.001)] l_pix: 1.5119e-02 
2024-07-20 04:50:00,833 INFO: [Mamba..][epoch:384, iter: 132,000, lr:(2.735e-04,)] [eta: 1 day, 23:54:17, time (data): 0.993 (0.001)] l_pix: 1.3248e-02 
2024-07-20 04:50:00,834 INFO: Saving models and training states.
2024-07-20 04:50:20,470 INFO: Validation val_dataset,		 # psnr: 22.4235
2024-07-20 05:07:23,904 INFO: [Mamba..][epoch:387, iter: 133,000, lr:(2.722e-04,)] [eta: 1 day, 23:37:31, time (data): 1.012 (0.002)] l_pix: 4.0435e-02 
2024-07-20 05:24:29,345 INFO: [Mamba..][epoch:390, iter: 134,000, lr:(2.709e-04,)] [eta: 1 day, 23:20:23, time (data): 1.006 (0.001)] l_pix: 1.5947e-02 
2024-07-20 05:41:32,163 INFO: [Mamba..][epoch:393, iter: 135,000, lr:(2.696e-04,)] [eta: 1 day, 23:03:12, time (data): 1.007 (0.001)] l_pix: 2.4450e-02 
2024-07-20 05:58:35,164 INFO: [Mamba..][epoch:396, iter: 136,000, lr:(2.682e-04,)] [eta: 1 day, 22:46:01, time (data): 1.007 (0.001)] l_pix: 2.6704e-02 
2024-07-20 05:58:35,165 INFO: Saving models and training states.
2024-07-20 05:58:54,806 INFO: Validation val_dataset,		 # psnr: 22.4445
2024-07-20 06:15:58,738 INFO: [Mamba..][epoch:399, iter: 137,000, lr:(2.668e-04,)] [eta: 1 day, 22:29:14, time (data): 1.006 (0.001)] l_pix: 1.4405e-02 
2024-07-20 06:33:01,852 INFO: [Mamba..][epoch:402, iter: 138,000, lr:(2.653e-04,)] [eta: 1 day, 22:12:03, time (data): 1.007 (0.001)] l_pix: 2.1672e-02 
2024-07-20 06:50:04,655 INFO: [Mamba..][epoch:405, iter: 139,000, lr:(2.639e-04,)] [eta: 1 day, 21:54:52, time (data): 1.007 (0.001)] l_pix: 2.6969e-02 
2024-07-20 07:07:07,623 INFO: [Mamba..][epoch:408, iter: 140,000, lr:(2.624e-04,)] [eta: 1 day, 21:37:41, time (data): 1.006 (0.001)] l_pix: 1.0197e-02 
2024-07-20 07:07:07,623 INFO: Saving models and training states.
2024-07-20 07:07:27,240 INFO: Validation val_dataset,		 # psnr: 22.3961
2024-07-20 07:24:30,426 INFO: [Mamba..][epoch:411, iter: 141,000, lr:(2.609e-04,)] [eta: 1 day, 21:20:53, time (data): 1.007 (0.001)] l_pix: 2.2511e-02 
2024-07-20 07:41:28,385 INFO: [Mamba..][epoch:413, iter: 142,000, lr:(2.594e-04,)] [eta: 1 day, 21:03:36, time (data): 1.007 (0.001)] l_pix: 2.5391e-02 
2024-07-20 07:58:29,414 INFO: [Mamba..][epoch:416, iter: 143,000, lr:(2.578e-04,)] [eta: 1 day, 20:46:23, time (data): 1.007 (0.001)] l_pix: 2.6600e-02 
2024-07-20 08:15:32,142 INFO: [Mamba..][epoch:419, iter: 144,000, lr:(2.562e-04,)] [eta: 1 day, 20:29:12, time (data): 1.006 (0.002)] l_pix: 2.4094e-02 
2024-07-20 08:15:32,143 INFO: Saving models and training states.
2024-07-20 08:15:51,861 INFO: Validation val_dataset,		 # psnr: 22.4773
2024-07-20 08:32:55,591 INFO: [Mamba..][epoch:422, iter: 145,000, lr:(2.546e-04,)] [eta: 1 day, 20:12:24, time (data): 1.006 (0.001)] l_pix: 2.5742e-02 
2024-07-20 08:49:58,340 INFO: [Mamba..][epoch:425, iter: 146,000, lr:(2.530e-04,)] [eta: 1 day, 19:55:13, time (data): 1.007 (0.001)] l_pix: 2.2086e-02 
2024-07-20 09:07:01,110 INFO: [Mamba..][epoch:428, iter: 147,000, lr:(2.513e-04,)] [eta: 1 day, 19:38:02, time (data): 1.007 (0.001)] l_pix: 1.1398e-02 
2024-07-20 09:24:04,242 INFO: [Mamba..][epoch:431, iter: 148,000, lr:(2.496e-04,)] [eta: 1 day, 19:20:52, time (data): 1.007 (0.001)] l_pix: 1.6056e-02 
2024-07-20 09:24:04,243 INFO: Saving models and training states.
2024-07-20 09:24:23,733 INFO: Validation val_dataset,		 # psnr: 22.4595
2024-07-20 09:41:26,795 INFO: [Mamba..][epoch:434, iter: 149,000, lr:(2.479e-04,)] [eta: 1 day, 19:04:01, time (data): 1.007 (0.001)] l_pix: 2.5701e-02 
2024-07-20 09:58:30,407 INFO: [Mamba..][epoch:437, iter: 150,000, lr:(2.462e-04,)] [eta: 1 day, 18:46:51, time (data): 1.006 (0.001)] l_pix: 1.3109e-02 
2024-07-20 10:15:33,245 INFO: [Mamba..][epoch:440, iter: 151,000, lr:(2.445e-04,)] [eta: 1 day, 18:29:41, time (data): 1.006 (0.002)] l_pix: 1.6385e-02 
2024-07-20 10:32:36,128 INFO: [Mamba..][epoch:443, iter: 152,000, lr:(2.427e-04,)] [eta: 1 day, 18:12:30, time (data): 1.006 (0.001)] l_pix: 1.9640e-02 
2024-07-20 10:32:36,128 INFO: Saving models and training states.
2024-07-20 10:32:55,681 INFO: Validation val_dataset,		 # psnr: 22.2746
2024-07-20 10:49:58,572 INFO: [Mamba..][epoch:446, iter: 153,000, lr:(2.409e-04,)] [eta: 1 day, 17:55:39, time (data): 1.007 (0.002)] l_pix: 1.1981e-02 
2024-07-20 11:06:56,700 INFO: [Mamba..][epoch:448, iter: 154,000, lr:(2.391e-04,)] [eta: 1 day, 17:38:24, time (data): 1.007 (0.002)] l_pix: 2.7188e-02 
2024-07-20 11:23:59,817 INFO: [Mamba..][epoch:451, iter: 155,000, lr:(2.373e-04,)] [eta: 1 day, 17:21:13, time (data): 1.007 (0.002)] l_pix: 1.6068e-02 
2024-07-20 11:41:02,680 INFO: [Mamba..][epoch:454, iter: 156,000, lr:(2.354e-04,)] [eta: 1 day, 17:04:03, time (data): 1.008 (0.001)] l_pix: 2.4743e-02 
2024-07-20 11:41:02,681 INFO: Saving models and training states.
2024-07-20 11:41:22,438 INFO: Validation val_dataset,		 # psnr: 22.3707
2024-07-20 11:58:25,312 INFO: [Mamba..][epoch:457, iter: 157,000, lr:(2.336e-04,)] [eta: 1 day, 16:47:11, time (data): 1.007 (0.001)] l_pix: 2.1599e-02 
2024-07-20 12:15:28,203 INFO: [Mamba..][epoch:460, iter: 158,000, lr:(2.317e-04,)] [eta: 1 day, 16:30:01, time (data): 1.006 (0.001)] l_pix: 1.4013e-02 
2024-07-20 12:32:31,554 INFO: [Mamba..][epoch:463, iter: 159,000, lr:(2.298e-04,)] [eta: 1 day, 16:12:51, time (data): 1.010 (0.001)] l_pix: 1.4836e-02 
2024-07-20 12:49:34,579 INFO: [Mamba..][epoch:466, iter: 160,000, lr:(2.278e-04,)] [eta: 1 day, 15:55:41, time (data): 1.007 (0.001)] l_pix: 2.4158e-02 
2024-07-20 12:49:34,579 INFO: Saving models and training states.
2024-07-20 12:49:54,226 INFO: Validation val_dataset,		 # psnr: 22.2957
2024-07-20 13:06:57,311 INFO: [Mamba..][epoch:469, iter: 161,000, lr:(2.259e-04,)] [eta: 1 day, 15:38:48, time (data): 1.007 (0.001)] l_pix: 1.1197e-02 
2024-07-20 13:24:01,698 INFO: [Mamba..][epoch:472, iter: 162,000, lr:(2.239e-04,)] [eta: 1 day, 15:21:39, time (data): 1.008 (0.001)] l_pix: 1.6563e-02 
2024-07-20 13:41:06,697 INFO: [Mamba..][epoch:475, iter: 163,000, lr:(2.220e-04,)] [eta: 1 day, 15:04:31, time (data): 1.008 (0.001)] l_pix: 2.6107e-02 
2024-07-20 13:58:10,809 INFO: [Mamba..][epoch:478, iter: 164,000, lr:(2.200e-04,)] [eta: 1 day, 14:47:22, time (data): 1.008 (0.001)] l_pix: 1.9945e-02 
2024-07-20 13:58:10,810 INFO: Saving models and training states.
2024-07-20 13:58:30,418 INFO: Validation val_dataset,		 # psnr: 22.3286
2024-07-20 14:15:34,026 INFO: [Mamba..][epoch:481, iter: 165,000, lr:(2.180e-04,)] [eta: 1 day, 14:30:28, time (data): 1.007 (0.001)] l_pix: 1.7663e-02 
2024-07-20 14:32:31,902 INFO: [Mamba..][epoch:483, iter: 166,000, lr:(2.159e-04,)] [eta: 1 day, 14:13:14, time (data): 1.007 (0.001)] l_pix: 2.5154e-02 
2024-07-20 14:49:34,986 INFO: [Mamba..][epoch:486, iter: 167,000, lr:(2.139e-04,)] [eta: 1 day, 13:56:04, time (data): 1.006 (0.001)] l_pix: 1.1403e-02 
2024-07-20 15:06:37,861 INFO: [Mamba..][epoch:489, iter: 168,000, lr:(2.119e-04,)] [eta: 1 day, 13:38:54, time (data): 1.007 (0.001)] l_pix: 2.3568e-02 
2024-07-20 15:06:37,862 INFO: Saving models and training states.
2024-07-20 15:06:57,613 INFO: Validation val_dataset,		 # psnr: 22.3409
2024-07-20 15:24:00,567 INFO: [Mamba..][epoch:492, iter: 169,000, lr:(2.098e-04,)] [eta: 1 day, 13:22:00, time (data): 1.007 (0.001)] l_pix: 1.7754e-02 
2024-07-20 15:41:03,488 INFO: [Mamba..][epoch:495, iter: 170,000, lr:(2.077e-04,)] [eta: 1 day, 13:04:50, time (data): 1.006 (0.001)] l_pix: 2.0311e-02 
2024-07-20 15:58:06,234 INFO: [Mamba..][epoch:498, iter: 171,000, lr:(2.056e-04,)] [eta: 1 day, 12:47:40, time (data): 1.007 (0.001)] l_pix: 1.4511e-02 
2024-07-20 16:15:09,310 INFO: [Mamba..][epoch:501, iter: 172,000, lr:(2.035e-04,)] [eta: 1 day, 12:30:30, time (data): 1.006 (0.001)] l_pix: 6.8000e-03 
2024-07-20 16:15:09,310 INFO: Saving models and training states.
2024-07-20 16:15:28,851 INFO: Validation val_dataset,		 # psnr: 22.2813
2024-07-20 16:32:32,583 INFO: [Mamba..][epoch:504, iter: 173,000, lr:(2.014e-04,)] [eta: 1 day, 12:13:36, time (data): 1.006 (0.001)] l_pix: 1.9453e-02 
2024-07-20 16:49:35,446 INFO: [Mamba..][epoch:507, iter: 174,000, lr:(1.993e-04,)] [eta: 1 day, 11:56:26, time (data): 1.007 (0.001)] l_pix: 7.4596e-03 
2024-07-20 17:06:38,818 INFO: [Mamba..][epoch:510, iter: 175,000, lr:(1.971e-04,)] [eta: 1 day, 11:39:16, time (data): 1.006 (0.002)] l_pix: 2.7743e-02 
2024-07-20 17:23:41,661 INFO: [Mamba..][epoch:513, iter: 176,000, lr:(1.950e-04,)] [eta: 1 day, 11:22:07, time (data): 1.006 (0.001)] l_pix: 1.1245e-02 
2024-07-20 17:23:41,662 INFO: Saving models and training states.
2024-07-20 17:24:01,243 INFO: Validation val_dataset,		 # psnr: 22.2871
2024-07-20 17:41:04,320 INFO: [Mamba..][epoch:516, iter: 177,000, lr:(1.928e-04,)] [eta: 1 day, 11:05:11, time (data): 1.007 (0.002)] l_pix: 1.8601e-02 
2024-07-20 17:58:03,005 INFO: [Mamba..][epoch:518, iter: 178,000, lr:(1.906e-04,)] [eta: 1 day, 10:47:58, time (data): 1.009 (0.001)] l_pix: 2.4534e-02 
2024-07-20 18:15:05,773 INFO: [Mamba..][epoch:521, iter: 179,000, lr:(1.885e-04,)] [eta: 1 day, 10:30:49, time (data): 1.007 (0.001)] l_pix: 1.9532e-02 
2024-07-20 18:32:08,613 INFO: [Mamba..][epoch:524, iter: 180,000, lr:(1.863e-04,)] [eta: 1 day, 10:13:39, time (data): 1.007 (0.001)] l_pix: 1.5762e-02 
2024-07-20 18:32:08,614 INFO: Saving models and training states.
2024-07-20 18:32:28,284 INFO: Validation val_dataset,		 # psnr: 22.2808
2024-07-20 18:49:36,472 INFO: [Mamba..][epoch:527, iter: 181,000, lr:(1.841e-04,)] [eta: 1 day, 9:56:46, time (data): 1.010 (0.002)] l_pix: 1.1736e-02 
2024-07-20 19:06:39,829 INFO: [Mamba..][epoch:530, iter: 182,000, lr:(1.819e-04,)] [eta: 1 day, 9:39:37, time (data): 1.008 (0.001)] l_pix: 1.3504e-02 
2024-07-20 19:23:36,410 INFO: [Mamba..][epoch:533, iter: 183,000, lr:(1.797e-04,)] [eta: 1 day, 9:22:23, time (data): 0.995 (0.001)] l_pix: 2.0286e-02 
2024-07-20 19:40:26,521 INFO: [Mamba..][epoch:536, iter: 184,000, lr:(1.775e-04,)] [eta: 1 day, 9:05:06, time (data): 0.994 (0.001)] l_pix: 1.1047e-02 
2024-07-20 19:40:26,522 INFO: Saving models and training states.
2024-07-20 19:40:46,163 INFO: Validation val_dataset,		 # psnr: 22.3227
2024-07-20 19:57:49,290 INFO: [Mamba..][epoch:539, iter: 185,000, lr:(1.752e-04,)] [eta: 1 day, 8:48:09, time (data): 1.006 (0.001)] l_pix: 1.8117e-02 
2024-07-20 20:14:52,097 INFO: [Mamba..][epoch:542, iter: 186,000, lr:(1.730e-04,)] [eta: 1 day, 8:31:00, time (data): 1.007 (0.001)] l_pix: 3.0682e-02 
2024-07-20 20:31:55,831 INFO: [Mamba..][epoch:545, iter: 187,000, lr:(1.708e-04,)] [eta: 1 day, 8:13:51, time (data): 1.007 (0.001)] l_pix: 1.3969e-02 
2024-07-20 20:48:59,238 INFO: [Mamba..][epoch:548, iter: 188,000, lr:(1.685e-04,)] [eta: 1 day, 7:56:42, time (data): 1.007 (0.001)] l_pix: 1.3275e-02 
2024-07-20 20:48:59,238 INFO: Saving models and training states.
2024-07-20 20:49:18,795 INFO: Validation val_dataset,		 # psnr: 22.3379
2024-07-20 21:06:22,369 INFO: [Mamba..][epoch:551, iter: 189,000, lr:(1.663e-04,)] [eta: 1 day, 7:39:45, time (data): 1.007 (0.001)] l_pix: 1.2962e-02 
2024-07-20 21:23:20,062 INFO: [Mamba..][epoch:553, iter: 190,000, lr:(1.640e-04,)] [eta: 1 day, 7:22:32, time (data): 1.007 (0.001)] l_pix: 1.2455e-02 
2024-07-20 21:40:22,796 INFO: [Mamba..][epoch:556, iter: 191,000, lr:(1.618e-04,)] [eta: 1 day, 7:05:23, time (data): 1.007 (0.002)] l_pix: 1.3520e-02 
2024-07-20 21:57:25,666 INFO: [Mamba..][epoch:559, iter: 192,000, lr:(1.595e-04,)] [eta: 1 day, 6:48:14, time (data): 1.007 (0.002)] l_pix: 1.3247e-02 
2024-07-20 21:57:25,667 INFO: Saving models and training states.
2024-07-20 21:57:45,418 INFO: Validation val_dataset,		 # psnr: 22.3705
2024-07-20 22:14:49,108 INFO: [Mamba..][epoch:562, iter: 193,000, lr:(1.573e-04,)] [eta: 1 day, 6:31:17, time (data): 1.007 (0.001)] l_pix: 3.9863e-02 
2024-07-20 22:31:52,900 INFO: [Mamba..][epoch:565, iter: 194,000, lr:(1.550e-04,)] [eta: 1 day, 6:14:08, time (data): 1.007 (0.001)] l_pix: 1.5802e-02 
2024-07-20 22:48:55,956 INFO: [Mamba..][epoch:568, iter: 195,000, lr:(1.528e-04,)] [eta: 1 day, 5:56:59, time (data): 1.007 (0.001)] l_pix: 2.7501e-02 
2024-07-20 23:05:58,782 INFO: [Mamba..][epoch:571, iter: 196,000, lr:(1.505e-04,)] [eta: 1 day, 5:39:50, time (data): 1.008 (0.001)] l_pix: 1.1962e-02 
2024-07-20 23:05:58,783 INFO: Saving models and training states.
2024-07-20 23:06:18,364 INFO: Validation val_dataset,		 # psnr: 22.3144
2024-07-20 23:23:24,121 INFO: [Mamba..][epoch:574, iter: 197,000, lr:(1.482e-04,)] [eta: 1 day, 5:22:53, time (data): 1.006 (0.001)] l_pix: 1.0798e-02 
2024-07-20 23:40:23,090 INFO: [Mamba..][epoch:577, iter: 198,000, lr:(1.460e-04,)] [eta: 1 day, 5:05:42, time (data): 1.012 (0.001)] l_pix: 1.3902e-02 
2024-07-20 23:57:27,655 INFO: [Mamba..][epoch:580, iter: 199,000, lr:(1.437e-04,)] [eta: 1 day, 4:48:34, time (data): 1.007 (0.001)] l_pix: 1.9503e-02 
2024-07-21 00:14:31,251 INFO: [Mamba..][epoch:583, iter: 200,000, lr:(1.415e-04,)] [eta: 1 day, 4:31:25, time (data): 1.009 (0.002)] l_pix: 1.3254e-02 
2024-07-21 00:14:31,251 INFO: Saving models and training states.
2024-07-21 00:14:50,946 INFO: Validation val_dataset,		 # psnr: 22.2750
2024-07-21 00:31:54,835 INFO: [Mamba..][epoch:586, iter: 201,000, lr:(1.392e-04,)] [eta: 1 day, 4:14:27, time (data): 1.006 (0.001)] l_pix: 1.6165e-02 
2024-07-21 00:48:52,640 INFO: [Mamba..][epoch:588, iter: 202,000, lr:(1.370e-04,)] [eta: 1 day, 3:57:15, time (data): 1.007 (0.001)] l_pix: 1.3039e-02 
2024-07-21 01:05:55,440 INFO: [Mamba..][epoch:591, iter: 203,000, lr:(1.347e-04,)] [eta: 1 day, 3:40:06, time (data): 1.006 (0.001)] l_pix: 1.3109e-02 
2024-07-21 01:22:58,167 INFO: [Mamba..][epoch:594, iter: 204,000, lr:(1.325e-04,)] [eta: 1 day, 3:22:58, time (data): 1.007 (0.001)] l_pix: 2.1634e-02 
2024-07-21 01:22:58,167 INFO: Saving models and training states.
2024-07-21 01:23:17,865 INFO: Validation val_dataset,		 # psnr: 22.2317
2024-07-21 01:40:20,513 INFO: [Mamba..][epoch:597, iter: 205,000, lr:(1.302e-04,)] [eta: 1 day, 3:05:58, time (data): 1.006 (0.002)] l_pix: 1.7299e-02 
2024-07-21 01:57:23,251 INFO: [Mamba..][epoch:600, iter: 206,000, lr:(1.280e-04,)] [eta: 1 day, 2:48:49, time (data): 1.008 (0.001)] l_pix: 3.0322e-02 
2024-07-21 02:14:25,950 INFO: [Mamba..][epoch:603, iter: 207,000, lr:(1.258e-04,)] [eta: 1 day, 2:31:40, time (data): 1.006 (0.002)] l_pix: 1.5105e-02 
2024-07-21 02:31:29,024 INFO: [Mamba..][epoch:606, iter: 208,000, lr:(1.236e-04,)] [eta: 1 day, 2:14:32, time (data): 1.006 (0.002)] l_pix: 1.1435e-02 
2024-07-21 02:31:29,024 INFO: Saving models and training states.
2024-07-21 02:31:48,595 INFO: Validation val_dataset,		 # psnr: 22.2549
2024-07-21 02:48:51,510 INFO: [Mamba..][epoch:609, iter: 209,000, lr:(1.213e-04,)] [eta: 1 day, 1:57:31, time (data): 1.006 (0.001)] l_pix: 7.9568e-03 
2024-07-21 03:05:54,424 INFO: [Mamba..][epoch:612, iter: 210,000, lr:(1.191e-04,)] [eta: 1 day, 1:40:23, time (data): 1.008 (0.001)] l_pix: 1.3440e-02 
2024-07-21 03:22:57,237 INFO: [Mamba..][epoch:615, iter: 211,000, lr:(1.169e-04,)] [eta: 1 day, 1:23:14, time (data): 1.007 (0.002)] l_pix: 2.0544e-02 
2024-07-21 03:39:59,917 INFO: [Mamba..][epoch:618, iter: 212,000, lr:(1.147e-04,)] [eta: 1 day, 1:06:05, time (data): 1.005 (0.001)] l_pix: 7.2055e-03 
2024-07-21 03:39:59,918 INFO: Saving models and training states.
2024-07-21 03:40:19,620 INFO: Validation val_dataset,		 # psnr: 22.2525
2024-07-21 03:57:17,619 INFO: [Mamba..][epoch:620, iter: 213,000, lr:(1.125e-04,)] [eta: 1 day, 0:49:03, time (data): 1.007 (0.001)] l_pix: 1.9247e-02 
2024-07-21 04:14:20,303 INFO: [Mamba..][epoch:623, iter: 214,000, lr:(1.104e-04,)] [eta: 1 day, 0:31:54, time (data): 1.007 (0.001)] l_pix: 2.4884e-02 
2024-07-21 04:31:23,114 INFO: [Mamba..][epoch:626, iter: 215,000, lr:(1.082e-04,)] [eta: 1 day, 0:14:46, time (data): 1.007 (0.001)] l_pix: 2.2906e-02 
2024-07-21 04:48:25,852 INFO: [Mamba..][epoch:629, iter: 216,000, lr:(1.060e-04,)] [eta: 23:57:37, time (data): 1.007 (0.001)] l_pix: 1.6648e-02 
2024-07-21 04:48:25,853 INFO: Saving models and training states.
2024-07-21 04:48:45,594 INFO: Validation val_dataset,		 # psnr: 22.2511
2024-07-21 05:05:48,476 INFO: [Mamba..][epoch:632, iter: 217,000, lr:(1.039e-04,)] [eta: 23:40:36, time (data): 1.007 (0.001)] l_pix: 1.8023e-02 
2024-07-21 05:22:48,325 INFO: [Mamba..][epoch:635, iter: 218,000, lr:(1.017e-04,)] [eta: 23:23:27, time (data): 1.007 (0.002)] l_pix: 1.1116e-02 
2024-07-21 05:39:51,218 INFO: [Mamba..][epoch:638, iter: 219,000, lr:(9.961e-05,)] [eta: 23:06:18, time (data): 1.007 (0.001)] l_pix: 1.5490e-02 
2024-07-21 05:56:54,076 INFO: [Mamba..][epoch:641, iter: 220,000, lr:(9.749e-05,)] [eta: 22:49:10, time (data): 1.007 (0.001)] l_pix: 1.0104e-02 
2024-07-21 05:56:54,077 INFO: Saving models and training states.
2024-07-21 05:57:13,630 INFO: Validation val_dataset,		 # psnr: 22.2682
2024-07-21 06:14:16,372 INFO: [Mamba..][epoch:644, iter: 221,000, lr:(9.538e-05,)] [eta: 22:32:09, time (data): 1.007 (0.001)] l_pix: 1.4216e-02 
2024-07-21 06:31:19,499 INFO: [Mamba..][epoch:647, iter: 222,000, lr:(9.329e-05,)] [eta: 22:15:00, time (data): 1.007 (0.001)] l_pix: 1.8891e-02 
2024-07-21 06:48:22,235 INFO: [Mamba..][epoch:650, iter: 223,000, lr:(9.121e-05,)] [eta: 21:57:52, time (data): 1.007 (0.001)] l_pix: 1.3621e-02 
2024-07-21 07:05:25,009 INFO: [Mamba..][epoch:653, iter: 224,000, lr:(8.915e-05,)] [eta: 21:40:43, time (data): 1.007 (0.001)] l_pix: 2.1599e-02 
2024-07-21 07:05:25,009 INFO: Saving models and training states.
2024-07-21 07:05:44,795 INFO: Validation val_dataset,		 # psnr: 22.2379
2024-07-21 07:22:42,849 INFO: [Mamba..][epoch:655, iter: 225,000, lr:(8.709e-05,)] [eta: 21:23:40, time (data): 1.006 (0.002)] l_pix: 1.3270e-02 
2024-07-21 07:39:45,678 INFO: [Mamba..][epoch:658, iter: 226,000, lr:(8.506e-05,)] [eta: 21:06:32, time (data): 1.007 (0.001)] l_pix: 2.0925e-02 
2024-07-21 07:56:48,605 INFO: [Mamba..][epoch:661, iter: 227,000, lr:(8.303e-05,)] [eta: 20:49:24, time (data): 1.007 (0.001)] l_pix: 1.2556e-02 
2024-07-21 08:13:51,348 INFO: [Mamba..][epoch:664, iter: 228,000, lr:(8.103e-05,)] [eta: 20:32:15, time (data): 1.006 (0.001)] l_pix: 1.5924e-02 
2024-07-21 08:13:51,349 INFO: Saving models and training states.
2024-07-21 08:14:11,076 INFO: Validation val_dataset,		 # psnr: 22.2244
2024-07-21 08:31:13,764 INFO: [Mamba..][epoch:667, iter: 229,000, lr:(7.903e-05,)] [eta: 20:15:13, time (data): 1.007 (0.001)] l_pix: 8.9177e-03 
2024-07-21 08:48:16,586 INFO: [Mamba..][epoch:670, iter: 230,000, lr:(7.706e-05,)] [eta: 19:58:05, time (data): 1.007 (0.001)] l_pix: 1.0137e-02 
2024-07-21 09:05:19,483 INFO: [Mamba..][epoch:673, iter: 231,000, lr:(7.510e-05,)] [eta: 19:40:57, time (data): 1.007 (0.002)] l_pix: 1.1296e-02 
2024-07-21 09:22:22,373 INFO: [Mamba..][epoch:676, iter: 232,000, lr:(7.316e-05,)] [eta: 19:23:49, time (data): 1.007 (0.001)] l_pix: 1.4985e-02 
2024-07-21 09:22:22,373 INFO: Saving models and training states.
2024-07-21 09:22:41,916 INFO: Validation val_dataset,		 # psnr: 22.2043
2024-07-21 09:39:44,600 INFO: [Mamba..][epoch:679, iter: 233,000, lr:(7.124e-05,)] [eta: 19:06:46, time (data): 1.009 (0.001)] l_pix: 1.6206e-02 
2024-07-21 09:56:47,852 INFO: [Mamba..][epoch:682, iter: 234,000, lr:(6.933e-05,)] [eta: 18:49:38, time (data): 1.007 (0.001)] l_pix: 1.3052e-02 
2024-07-21 10:13:50,575 INFO: [Mamba..][epoch:685, iter: 235,000, lr:(6.744e-05,)] [eta: 18:32:30, time (data): 1.007 (0.002)] l_pix: 1.3686e-02 
2024-07-21 10:30:53,344 INFO: [Mamba..][epoch:688, iter: 236,000, lr:(6.558e-05,)] [eta: 18:15:22, time (data): 1.007 (0.001)] l_pix: 1.3102e-02 
2024-07-21 10:30:53,345 INFO: Saving models and training states.
2024-07-21 10:31:12,936 INFO: Validation val_dataset,		 # psnr: 22.2009
2024-07-21 10:48:11,392 INFO: [Mamba..][epoch:690, iter: 237,000, lr:(6.373e-05,)] [eta: 17:58:18, time (data): 1.006 (0.001)] l_pix: 9.8776e-03 
2024-07-21 11:05:14,238 INFO: [Mamba..][epoch:693, iter: 238,000, lr:(6.190e-05,)] [eta: 17:41:10, time (data): 1.007 (0.001)] l_pix: 1.1150e-02 
2024-07-21 11:22:12,222 INFO: [Mamba..][epoch:696, iter: 239,000, lr:(6.009e-05,)] [eta: 17:24:01, time (data): 1.007 (0.001)] l_pix: 1.8135e-02 
2024-07-21 11:39:15,035 INFO: [Mamba..][epoch:699, iter: 240,000, lr:(5.830e-05,)] [eta: 17:06:53, time (data): 1.007 (0.001)] l_pix: 2.1275e-02 
2024-07-21 11:39:15,035 INFO: Saving models and training states.
2024-07-21 11:39:34,714 INFO: Validation val_dataset,		 # psnr: 22.2151
2024-07-21 11:56:42,707 INFO: [Mamba..][epoch:702, iter: 241,000, lr:(5.654e-05,)] [eta: 16:49:51, time (data): 1.011 (0.001)] l_pix: 8.6687e-03 
2024-07-21 12:13:49,949 INFO: [Mamba..][epoch:705, iter: 242,000, lr:(5.479e-05,)] [eta: 16:32:44, time (data): 1.006 (0.001)] l_pix: 1.6843e-02 
2024-07-21 12:30:52,734 INFO: [Mamba..][epoch:708, iter: 243,000, lr:(5.307e-05,)] [eta: 16:15:36, time (data): 1.007 (0.001)] l_pix: 1.3071e-02 
2024-07-21 12:47:55,521 INFO: [Mamba..][epoch:711, iter: 244,000, lr:(5.136e-05,)] [eta: 15:58:28, time (data): 1.007 (0.002)] l_pix: 1.2369e-02 
2024-07-21 12:47:55,522 INFO: Saving models and training states.
2024-07-21 12:48:15,138 INFO: Validation val_dataset,		 # psnr: 22.1984
2024-07-21 13:05:17,912 INFO: [Mamba..][epoch:714, iter: 245,000, lr:(4.969e-05,)] [eta: 15:41:25, time (data): 1.007 (0.001)] l_pix: 8.1190e-03 
2024-07-21 13:22:20,919 INFO: [Mamba..][epoch:717, iter: 246,000, lr:(4.803e-05,)] [eta: 15:24:17, time (data): 1.006 (0.001)] l_pix: 1.5846e-02 
2024-07-21 13:39:23,756 INFO: [Mamba..][epoch:720, iter: 247,000, lr:(4.640e-05,)] [eta: 15:07:09, time (data): 1.007 (0.001)] l_pix: 1.5005e-02 
2024-07-21 13:56:26,611 INFO: [Mamba..][epoch:723, iter: 248,000, lr:(4.479e-05,)] [eta: 14:50:01, time (data): 1.008 (0.001)] l_pix: 2.6231e-02 
2024-07-21 13:56:26,612 INFO: Saving models and training states.
2024-07-21 13:56:46,144 INFO: Validation val_dataset,		 # psnr: 22.1850
2024-07-21 14:13:44,199 INFO: [Mamba..][epoch:725, iter: 249,000, lr:(4.320e-05,)] [eta: 14:32:56, time (data): 1.007 (0.001)] l_pix: 1.6736e-02 
2024-07-21 14:30:46,879 INFO: [Mamba..][epoch:728, iter: 250,000, lr:(4.164e-05,)] [eta: 14:15:48, time (data): 1.006 (0.001)] l_pix: 1.5134e-02 
2024-07-21 14:47:52,506 INFO: [Mamba..][epoch:731, iter: 251,000, lr:(4.011e-05,)] [eta: 13:58:41, time (data): 1.007 (0.001)] l_pix: 3.8852e-02 
2024-07-21 15:05:20,187 INFO: [Mamba..][epoch:734, iter: 252,000, lr:(3.860e-05,)] [eta: 13:41:38, time (data): 1.006 (0.001)] l_pix: 2.9002e-02 
2024-07-21 15:05:20,188 INFO: Saving models and training states.
2024-07-21 15:05:39,918 INFO: Validation val_dataset,		 # psnr: 22.1666
2024-07-21 15:22:46,091 INFO: [Mamba..][epoch:737, iter: 253,000, lr:(3.711e-05,)] [eta: 13:24:34, time (data): 1.006 (0.001)] l_pix: 1.4317e-02 
2024-07-21 15:39:54,181 INFO: [Mamba..][epoch:740, iter: 254,000, lr:(3.566e-05,)] [eta: 13:07:27, time (data): 1.007 (0.001)] l_pix: 1.0303e-02 
2024-07-21 15:56:56,909 INFO: [Mamba..][epoch:743, iter: 255,000, lr:(3.422e-05,)] [eta: 12:50:20, time (data): 1.007 (0.001)] l_pix: 1.4924e-02 
2024-07-21 16:13:59,834 INFO: [Mamba..][epoch:746, iter: 256,000, lr:(3.282e-05,)] [eta: 12:33:12, time (data): 1.007 (0.001)] l_pix: 1.3403e-02 
2024-07-21 16:13:59,835 INFO: Saving models and training states.
2024-07-21 16:14:19,430 INFO: Validation val_dataset,		 # psnr: 22.1729
2024-07-21 16:31:22,399 INFO: [Mamba..][epoch:749, iter: 257,000, lr:(3.144e-05,)] [eta: 12:16:07, time (data): 1.007 (0.001)] l_pix: 6.8381e-03 
2024-07-21 16:48:25,215 INFO: [Mamba..][epoch:752, iter: 258,000, lr:(3.009e-05,)] [eta: 11:58:59, time (data): 1.007 (0.001)] l_pix: 2.1671e-02 
2024-07-21 17:05:27,977 INFO: [Mamba..][epoch:755, iter: 259,000, lr:(2.876e-05,)] [eta: 11:41:51, time (data): 1.007 (0.001)] l_pix: 1.2722e-02 
2024-07-21 17:22:31,175 INFO: [Mamba..][epoch:758, iter: 260,000, lr:(2.747e-05,)] [eta: 11:24:44, time (data): 1.007 (0.001)] l_pix: 1.8528e-02 
2024-07-21 17:22:31,175 INFO: Saving models and training states.
2024-07-21 17:22:50,727 INFO: Validation val_dataset,		 # psnr: 22.1541
2024-07-21 17:39:48,559 INFO: [Mamba..][epoch:760, iter: 261,000, lr:(2.620e-05,)] [eta: 11:07:38, time (data): 1.006 (0.001)] l_pix: 1.6688e-02 
2024-07-21 17:56:51,390 INFO: [Mamba..][epoch:763, iter: 262,000, lr:(2.496e-05,)] [eta: 10:50:30, time (data): 1.007 (0.001)] l_pix: 2.3952e-02 
2024-07-21 18:13:54,104 INFO: [Mamba..][epoch:766, iter: 263,000, lr:(2.374e-05,)] [eta: 10:33:22, time (data): 1.008 (0.001)] l_pix: 2.4249e-02 
2024-07-21 18:30:57,197 INFO: [Mamba..][epoch:769, iter: 264,000, lr:(2.256e-05,)] [eta: 10:16:15, time (data): 1.007 (0.001)] l_pix: 1.8835e-02 
2024-07-21 18:30:57,198 INFO: Saving models and training states.
2024-07-21 18:31:16,932 INFO: Validation val_dataset,		 # psnr: 22.1569
2024-07-21 18:48:19,944 INFO: [Mamba..][epoch:772, iter: 265,000, lr:(2.141e-05,)] [eta: 9:59:10, time (data): 1.006 (0.002)] l_pix: 1.8213e-02 
2024-07-21 19:05:23,010 INFO: [Mamba..][epoch:775, iter: 266,000, lr:(2.028e-05,)] [eta: 9:42:02, time (data): 1.009 (0.001)] l_pix: 6.4537e-03 
2024-07-21 19:22:26,193 INFO: [Mamba..][epoch:778, iter: 267,000, lr:(1.919e-05,)] [eta: 9:24:54, time (data): 1.006 (0.001)] l_pix: 1.3509e-02 
2024-07-21 19:39:29,160 INFO: [Mamba..][epoch:781, iter: 268,000, lr:(1.813e-05,)] [eta: 9:07:47, time (data): 1.006 (0.001)] l_pix: 7.2327e-03 
2024-07-21 19:39:29,161 INFO: Saving models and training states.
2024-07-21 19:39:48,810 INFO: Validation val_dataset,		 # psnr: 22.1361
2024-07-21 19:56:51,782 INFO: [Mamba..][epoch:784, iter: 269,000, lr:(1.709e-05,)] [eta: 8:50:41, time (data): 1.007 (0.001)] l_pix: 8.4412e-03 
2024-07-21 20:13:54,852 INFO: [Mamba..][epoch:787, iter: 270,000, lr:(1.609e-05,)] [eta: 8:33:34, time (data): 1.006 (0.001)] l_pix: 9.0678e-03 
2024-07-21 20:30:57,561 INFO: [Mamba..][epoch:790, iter: 271,000, lr:(1.511e-05,)] [eta: 8:16:26, time (data): 1.007 (0.001)] l_pix: 1.2142e-02 
2024-07-21 20:48:00,320 INFO: [Mamba..][epoch:793, iter: 272,000, lr:(1.417e-05,)] [eta: 7:59:18, time (data): 5.900 (4.874)] l_pix: 3.1162e-02 
2024-07-21 20:48:00,321 INFO: Saving models and training states.
2024-07-21 20:48:19,874 INFO: Validation val_dataset,		 # psnr: 22.1311
2024-07-21 21:05:18,168 INFO: [Mamba..][epoch:795, iter: 273,000, lr:(1.326e-05,)] [eta: 7:42:12, time (data): 1.007 (0.001)] l_pix: 6.7400e-03 
2024-07-21 21:22:21,544 INFO: [Mamba..][epoch:798, iter: 274,000, lr:(1.238e-05,)] [eta: 7:25:05, time (data): 1.007 (0.001)] l_pix: 1.1506e-02 
2024-07-21 21:39:24,510 INFO: [Mamba..][epoch:801, iter: 275,000, lr:(1.153e-05,)] [eta: 7:07:57, time (data): 1.007 (0.001)] l_pix: 1.0947e-02 
2024-07-21 21:56:27,665 INFO: [Mamba..][epoch:804, iter: 276,000, lr:(1.072e-05,)] [eta: 6:50:50, time (data): 1.007 (0.001)] l_pix: 1.2149e-02 
2024-07-21 21:56:27,665 INFO: Saving models and training states.
2024-07-21 21:56:47,344 INFO: Validation val_dataset,		 # psnr: 22.1276
2024-07-21 22:13:51,249 INFO: [Mamba..][epoch:807, iter: 277,000, lr:(9.931e-06,)] [eta: 6:33:44, time (data): 1.008 (0.002)] l_pix: 1.4167e-02 
2024-07-21 22:30:54,130 INFO: [Mamba..][epoch:810, iter: 278,000, lr:(9.178e-06,)] [eta: 6:16:36, time (data): 1.006 (0.002)] l_pix: 6.0267e-03 
2024-07-21 22:47:57,011 INFO: [Mamba..][epoch:813, iter: 279,000, lr:(8.458e-06,)] [eta: 5:59:29, time (data): 1.006 (0.002)] l_pix: 1.9538e-02 
2024-07-21 23:04:59,822 INFO: [Mamba..][epoch:816, iter: 280,000, lr:(7.770e-06,)] [eta: 5:42:21, time (data): 1.007 (0.001)] l_pix: 1.7721e-02 
2024-07-21 23:04:59,823 INFO: Saving models and training states.
2024-07-21 23:05:19,581 INFO: Validation val_dataset,		 # psnr: 22.1245
2024-07-21 23:22:22,534 INFO: [Mamba..][epoch:819, iter: 281,000, lr:(7.114e-06,)] [eta: 5:25:15, time (data): 1.006 (0.002)] l_pix: 1.6078e-02 
2024-07-21 23:39:25,525 INFO: [Mamba..][epoch:822, iter: 282,000, lr:(6.492e-06,)] [eta: 5:08:08, time (data): 1.007 (0.001)] l_pix: 3.1752e-02 
2024-07-21 23:56:28,233 INFO: [Mamba..][epoch:825, iter: 283,000, lr:(5.902e-06,)] [eta: 4:51:00, time (data): 1.008 (0.001)] l_pix: 1.7963e-02 
2024-07-22 00:13:26,262 INFO: [Mamba..][epoch:827, iter: 284,000, lr:(5.345e-06,)] [eta: 4:33:53, time (data): 1.006 (0.001)] l_pix: 1.3568e-02 
2024-07-22 00:13:26,263 INFO: Saving models and training states.
2024-07-22 00:13:45,812 INFO: Validation val_dataset,		 # psnr: 22.1241
2024-07-22 00:30:48,666 INFO: [Mamba..][epoch:830, iter: 285,000, lr:(4.821e-06,)] [eta: 4:16:46, time (data): 1.005 (0.001)] l_pix: 1.2615e-02 
2024-07-22 00:47:51,517 INFO: [Mamba..][epoch:833, iter: 286,000, lr:(4.330e-06,)] [eta: 3:59:39, time (data): 1.007 (0.001)] l_pix: 1.4438e-02 
2024-07-22 01:04:54,285 INFO: [Mamba..][epoch:836, iter: 287,000, lr:(3.873e-06,)] [eta: 3:42:32, time (data): 1.007 (0.001)] l_pix: 1.4765e-02 
2024-07-22 01:21:57,105 INFO: [Mamba..][epoch:839, iter: 288,000, lr:(3.449e-06,)] [eta: 3:25:24, time (data): 1.007 (0.001)] l_pix: 2.1520e-02 
2024-07-22 01:21:57,106 INFO: Saving models and training states.
2024-07-22 01:22:16,815 INFO: Validation val_dataset,		 # psnr: 22.1141
2024-07-22 01:39:19,719 INFO: [Mamba..][epoch:842, iter: 289,000, lr:(3.059e-06,)] [eta: 3:08:18, time (data): 1.007 (0.001)] l_pix: 9.1849e-03 
2024-07-22 01:56:22,371 INFO: [Mamba..][epoch:845, iter: 290,000, lr:(2.702e-06,)] [eta: 2:51:10, time (data): 1.007 (0.001)] l_pix: 1.5750e-02 
2024-07-22 02:13:25,200 INFO: [Mamba..][epoch:848, iter: 291,000, lr:(2.379e-06,)] [eta: 2:34:03, time (data): 1.007 (0.001)] l_pix: 1.8344e-02 
2024-07-22 02:30:29,112 INFO: [Mamba..][epoch:851, iter: 292,000, lr:(2.090e-06,)] [eta: 2:16:56, time (data): 1.006 (0.001)] l_pix: 9.3695e-03 
2024-07-22 02:30:29,113 INFO: Saving models and training states.
2024-07-22 02:30:48,619 INFO: Validation val_dataset,		 # psnr: 22.1128
2024-07-22 02:47:52,002 INFO: [Mamba..][epoch:854, iter: 293,000, lr:(1.835e-06,)] [eta: 1:59:49, time (data): 1.007 (0.001)] l_pix: 1.3846e-02 
2024-07-22 03:04:54,666 INFO: [Mamba..][epoch:857, iter: 294,000, lr:(1.614e-06,)] [eta: 1:42:42, time (data): 1.007 (0.001)] l_pix: 2.8176e-02 
2024-07-22 03:21:57,511 INFO: [Mamba..][epoch:860, iter: 295,000, lr:(1.426e-06,)] [eta: 1:25:34, time (data): 1.007 (0.001)] l_pix: 1.0718e-02 
2024-07-22 03:38:55,316 INFO: [Mamba..][epoch:862, iter: 296,000, lr:(1.273e-06,)] [eta: 1:08:27, time (data): 1.007 (0.002)] l_pix: 6.4845e-03 
2024-07-22 03:38:55,316 INFO: Saving models and training states.
2024-07-22 03:39:14,869 INFO: Validation val_dataset,		 # psnr: 22.1124
2024-07-22 03:56:17,890 INFO: [Mamba..][epoch:865, iter: 297,000, lr:(1.154e-06,)] [eta: 0:51:20, time (data): 1.007 (0.001)] l_pix: 1.7186e-02 
2024-07-22 04:13:22,502 INFO: [Mamba..][epoch:868, iter: 298,000, lr:(1.068e-06,)] [eta: 0:34:13, time (data): 1.006 (0.001)] l_pix: 1.8491e-02 
2024-07-22 04:30:25,388 INFO: [Mamba..][epoch:871, iter: 299,000, lr:(1.017e-06,)] [eta: 0:17:06, time (data): 1.007 (0.001)] l_pix: 9.9031e-03 
2024-07-22 04:47:28,054 INFO: [Mamba..][epoch:874, iter: 300,000, lr:(1.000e-06,)] [eta: -1 day, 23:59:59, time (data): 1.007 (0.001)] l_pix: 2.1771e-02 
2024-07-22 04:47:28,055 INFO: Saving models and training states.
2024-07-22 04:47:47,872 INFO: Validation val_dataset,		 # psnr: 22.1113
2024-07-22 04:47:47,875 INFO: End of training. Time consumed: 3 days, 13:36:11
2024-07-22 04:47:47,876 INFO: Save the latest model.
2024-07-22 04:48:06,792 INFO: Validation val_dataset,		 # psnr: 22.1102
